#
# There is insufficient memory for the Java Runtime Environment to continue.
# Native memory allocation (malloc) failed to allocate 32744 bytes for ChunkPool::allocate
# Possible reasons:
#   The system is out of physical RAM or swap space
#   The process is running with CompressedOops enabled, and the Java Heap may be blocking the growth of the native heap
# Possible solutions:
#   Reduce memory load on the system
#   Increase physical memory or swap space
#   Check if swap backing store is full
#   Decrease Java heap size (-Xmx/-Xms)
#   Decrease number of Java threads
#   Decrease Java thread stack sizes (-Xss)
#   Set larger code cache with -XX:ReservedCodeCacheSize=
#   JVM is running with Unscaled Compressed Oops mode in which the Java heap is
#     placed in the first 4GB address space. The Java Heap base address is the
#     maximum limit for the native heap growth. Please use -XX:HeapBaseMinAddress
#     to set the Java Heap base and to place the Java Heap above 4GB virtual address.
# This output file may be truncated or incomplete.
#
#  Out of Memory Error (./src/hotspot/share/memory/arena.cpp:81), pid=8396, tid=14112
#
# JRE version: OpenJDK Runtime Environment (11.0.13) (build 11.0.13+0-b1751.21-8125866)
# Java VM: OpenJDK 64-Bit Server VM (11.0.13+0-b1751.21-8125866, mixed mode, tiered, compressed oops, g1 gc, windows-amd64)
# No core dump will be written. Minidumps are not enabled by default on client versions of Windows
#

---------------  S U M M A R Y ------------

Command Line: -Djava.awt.headless=true -Djava.util.logging.config.file=C:\Users\ouijd\.android\utp\logging4387227314910557752properties -Dfile.encoding=UTF-8 -Duser.country=FR -Duser.language=fr -Duser.variant com.google.testing.platform.launcher.Launcher C:\Users\ouijd\.gradle\caches\modules-2\files-2.1\com.google.testing.platform\core\0.0.8-alpha07\185ff5f0c2380a7a283320bc5ec9130dbcbbb030\core-0.0.8-alpha07.jar --proto_config=C:\Users\ouijd\.android\utp\runnerConfig5331154389444884552.pb --proto_server_config=C:\Users\ouijd\.android\utp\serverConfig2134514451500898563.pb

Host: Intel(R) Core(TM) i5-1035G1 CPU @ 1.00GHz, 8 cores, 7G,  Windows 11 , 64 bit Build 22621 (10.0.22621.608)
Time: Sat Oct 22 15:34:38 2022 Paris, Madrid (heure d’été) elapsed time: 1.679156 seconds (0d 0h 0m 1s)

---------------  T H R E A D  ---------------

Current thread (0x0000023b7aef0800):  JavaThread "C2 CompilerThread1" daemon [_thread_in_native, id=14112, stack(0x00000085de200000,0x00000085de300000)]


Current CompileTask:
C2:   1679 1471   !   4       java.util.concurrent.ConcurrentHashMap::transfer (828 bytes)

Stack: [0x00000085de200000,0x00000085de300000]
Native frames: (J=compiled Java code, j=interpreted, Vv=VM code, C=native code)
V  [jvm.dll+0x6100fa]
V  [jvm.dll+0x747090]
V  [jvm.dll+0x7486ad]
V  [jvm.dll+0x748d83]
V  [jvm.dll+0x24ab48]
V  [jvm.dll+0xc075b]
V  [jvm.dll+0xc0a0c]
V  [jvm.dll+0x3644c6]
V  [jvm.dll+0x363d41]
V  [jvm.dll+0x363d84]
V  [jvm.dll+0x35d0b4]
V  [jvm.dll+0x19d7f9]
V  [jvm.dll+0x2033be]
V  [jvm.dll+0x202437]
V  [jvm.dll+0x188e01]
V  [jvm.dll+0x21106b]
V  [jvm.dll+0x20f8c1]
V  [jvm.dll+0x70de0f]
V  [jvm.dll+0x706a75]
V  [jvm.dll+0x60ed66]
C  [ucrtbase.dll+0x29363]
C  [KERNEL32.DLL+0x1244d]
C  [ntdll.dll+0x5df78]


---------------  P R O C E S S  ---------------

Threads class SMR info:
_java_thread_list=0x0000023b7b16d360, length=13, elements={
0x0000023b5da1b000, 0x0000023b79c1b000, 0x0000023b79c26000, 0x0000023b79c36800,
0x0000023b79c38000, 0x0000023b79c39000, 0x0000023b79c3b000, 0x0000023b79c3e800,
0x0000023b7a5bb800, 0x0000023b7a738000, 0x0000023b7aef0800, 0x0000023b7c242000,
0x0000023b00fd8800
}

Java Threads: ( => current thread )
  0x0000023b5da1b000 JavaThread "main" [_thread_blocked, id=20132, stack(0x00000085dd000000,0x00000085dd100000)]
  0x0000023b79c1b000 JavaThread "Reference Handler" daemon [_thread_blocked, id=8384, stack(0x00000085dd700000,0x00000085dd800000)]
  0x0000023b79c26000 JavaThread "Finalizer" daemon [_thread_blocked, id=18148, stack(0x00000085dd800000,0x00000085dd900000)]
  0x0000023b79c36800 JavaThread "Signal Dispatcher" daemon [_thread_blocked, id=13396, stack(0x00000085dd900000,0x00000085dda00000)]
  0x0000023b79c38000 JavaThread "Attach Listener" daemon [_thread_blocked, id=12932, stack(0x00000085dda00000,0x00000085ddb00000)]
  0x0000023b79c39000 JavaThread "Service Thread" daemon [_thread_blocked, id=3896, stack(0x00000085ddb00000,0x00000085ddc00000)]
  0x0000023b79c3b000 JavaThread "C2 CompilerThread0" daemon [_thread_blocked, id=1932, stack(0x00000085ddc00000,0x00000085ddd00000)]
  0x0000023b79c3e800 JavaThread "C1 CompilerThread0" daemon [_thread_blocked, id=16600, stack(0x00000085ddd00000,0x00000085dde00000)]
  0x0000023b7a5bb800 JavaThread "Sweeper thread" daemon [_thread_blocked, id=3540, stack(0x00000085dde00000,0x00000085ddf00000)]
  0x0000023b7a738000 JavaThread "Common-Cleaner" daemon [_thread_blocked, id=13420, stack(0x00000085de000000,0x00000085de100000)]
=>0x0000023b7aef0800 JavaThread "C2 CompilerThread1" daemon [_thread_in_native, id=14112, stack(0x00000085de200000,0x00000085de300000)]
  0x0000023b7c242000 JavaThread "grpc-nio-worker-ELG-4-1" daemon [_thread_in_native, id=17148, stack(0x00000085de400000,0x00000085de500000)]
  0x0000023b00fd8800 JavaThread "grpc-default-executor-0" daemon [_thread_blocked, id=11168, stack(0x00000085de500000,0x00000085de600000)]

Other Threads:
  0x0000023b79c16800 VMThread "VM Thread" [stack: 0x00000085dd600000,0x00000085dd700000] [id=8984] _threads_hazard_ptr=0x0000023b7b16cf40
  0x0000023b7a735000 WatcherThread [stack: 0x00000085ddf00000,0x00000085de000000] [id=20168]
  0x0000023b5da32800 GCTaskThread "GC Thread#0" [stack: 0x00000085dd100000,0x00000085dd200000] [id=19380]
  0x0000023b7ae58000 GCTaskThread "GC Thread#1" [stack: 0x00000085de100000,0x00000085de200000] [id=18256]
  0x0000023b5da62800 ConcurrentGCThread "G1 Main Marker" [stack: 0x00000085dd200000,0x00000085dd300000] [id=11984]
  0x0000023b5da65000 ConcurrentGCThread "G1 Conc#0" [stack: 0x00000085dd300000,0x00000085dd400000] [id=12448]
  0x0000023b7af3e800 ConcurrentGCThread "G1 Conc#1" [stack: 0x00000085de300000,0x00000085de400000] [id=6484]
  0x0000023b79a4a800 ConcurrentGCThread "G1 Refine#0" [stack: 0x00000085dd400000,0x00000085dd500000] [id=2512]
  0x0000023b79a4e800 ConcurrentGCThread "G1 Young RemSet Sampling" [stack: 0x00000085dd500000,0x00000085dd600000] [id=7116]

Threads with active compile tasks:
C2 CompilerThread0   1703 1474       4       jdk.internal.loader.URLClassPath$JarLoader$2::getCodeSourceURL (8 bytes)
C1 CompilerThread0   1703 1477 %     3       java.util.Properties$LineReader::readLine @ 224 (635 bytes)
C2 CompilerThread1   1703 1471   !   4       java.util.concurrent.ConcurrentHashMap::transfer (828 bytes)

VM state:at safepoint (normal execution)

VM Mutex/Monitor currently owned by a thread:  ([mutex/lock_event])
[0x0000023b5da16400] Safepoint_lock - owner thread: 0x0000023b79c16800
[0x0000023b5da15ef0] Threads_lock - owner thread: 0x0000023b79c16800

OutOfMemory and StackOverflow Exception counts:
OutOfMemoryError java_heap_errors=2
LinkageErrors=15

Heap address: 0x0000000084000000, size: 1984 MB, Compressed Oops mode: 32-bit
Narrow klass base: 0x0000000000000000, Narrow klass shift: 3
Compressed class space size: 1073741824 Address: 0x0000000100000000

Heap:
 garbage-first heap   total 126976K, used 19550K [0x0000000084000000, 0x0000000100000000)
  region size 1024K, 17 young (17408K), 6 survivors (6144K)
 Metaspace       used 23106K, capacity 23624K, committed 23856K, reserved 1071104K
  class space    used 2496K, capacity 2622K, committed 2688K, reserved 1048576K
Heap Regions: E=young(eden), S=young(survivor), O=old, HS=humongous(starts), HC=humongous(continues), CS=collection set, F=free, A=archive, TAMS=top-at-mark-start (previous, next)
|   0|0x0000000084000000, 0x0000000084100000, 0x0000000084100000|100%|HS|  |TAMS 0x0000000084100000, 0x0000000084000000| Complete 
|   1|0x0000000084100000, 0x0000000084200000, 0x0000000084200000|100%|HS|  |TAMS 0x0000000084200000, 0x0000000084100000| Complete 
|   2|0x0000000084200000, 0x0000000084300000, 0x0000000084300000|100%|HC|  |TAMS 0x0000000084300000, 0x0000000084200000| Complete 
|   3|0x0000000084300000, 0x0000000084300000, 0x0000000084400000|  0%| F|  |TAMS 0x0000000084300000, 0x0000000084300000| Untracked 
|   4|0x0000000084400000, 0x000000008445dc00, 0x0000000084500000| 36%| O|  |TAMS 0x000000008445dc00, 0x0000000084400000| Untracked 
|   5|0x0000000084500000, 0x0000000084500000, 0x0000000084600000|  0%| F|  |TAMS 0x0000000084500000, 0x0000000084500000| Untracked 
|   6|0x0000000084600000, 0x0000000084600000, 0x0000000084700000|  0%| F|  |TAMS 0x0000000084600000, 0x0000000084600000| Untracked 
|   7|0x0000000084700000, 0x0000000084700000, 0x0000000084800000|  0%| F|  |TAMS 0x0000000084700000, 0x0000000084700000| Untracked 
|   8|0x0000000084800000, 0x0000000084800000, 0x0000000084900000|  0%| F|  |TAMS 0x0000000084800000, 0x0000000084800000| Untracked 
|   9|0x0000000084900000, 0x0000000084900000, 0x0000000084a00000|  0%| F|  |TAMS 0x0000000084900000, 0x0000000084900000| Untracked 
|  10|0x0000000084a00000, 0x0000000084a00000, 0x0000000084b00000|  0%| F|  |TAMS 0x0000000084a00000, 0x0000000084a00000| Untracked 
|  11|0x0000000084b00000, 0x0000000084b00000, 0x0000000084c00000|  0%| F|  |TAMS 0x0000000084b00000, 0x0000000084b00000| Untracked 
|  12|0x0000000084c00000, 0x0000000084c00000, 0x0000000084d00000|  0%| F|  |TAMS 0x0000000084c00000, 0x0000000084c00000| Untracked 
|  13|0x0000000084d00000, 0x0000000084d00000, 0x0000000084e00000|  0%| F|  |TAMS 0x0000000084d00000, 0x0000000084d00000| Untracked 
|  14|0x0000000084e00000, 0x0000000084e00000, 0x0000000084f00000|  0%| F|  |TAMS 0x0000000084e00000, 0x0000000084e00000| Untracked 
|  15|0x0000000084f00000, 0x0000000084f00000, 0x0000000085000000|  0%| F|  |TAMS 0x0000000084f00000, 0x0000000084f00000| Untracked 
|  16|0x0000000085000000, 0x0000000085000000, 0x0000000085100000|  0%| F|  |TAMS 0x0000000085000000, 0x0000000085000000| Untracked 
|  17|0x0000000085100000, 0x0000000085100000, 0x0000000085200000|  0%| F|  |TAMS 0x0000000085100000, 0x0000000085100000| Untracked 
|  18|0x0000000085200000, 0x0000000085200000, 0x0000000085300000|  0%| F|  |TAMS 0x0000000085200000, 0x0000000085200000| Untracked 
|  19|0x0000000085300000, 0x0000000085300000, 0x0000000085400000|  0%| F|  |TAMS 0x0000000085300000, 0x0000000085300000| Untracked 
|  20|0x0000000085400000, 0x0000000085400000, 0x0000000085500000|  0%| F|  |TAMS 0x0000000085400000, 0x0000000085400000| Untracked 
|  21|0x0000000085500000, 0x0000000085500000, 0x0000000085600000|  0%| F|  |TAMS 0x0000000085500000, 0x0000000085500000| Untracked 
|  22|0x0000000085600000, 0x0000000085600000, 0x0000000085700000|  0%| F|  |TAMS 0x0000000085600000, 0x0000000085600000| Untracked 
|  23|0x0000000085700000, 0x0000000085700000, 0x0000000085800000|  0%| F|  |TAMS 0x0000000085700000, 0x0000000085700000| Untracked 
|  24|0x0000000085800000, 0x0000000085800000, 0x0000000085900000|  0%| F|  |TAMS 0x0000000085800000, 0x0000000085800000| Untracked 
|  25|0x0000000085900000, 0x0000000085900000, 0x0000000085a00000|  0%| F|  |TAMS 0x0000000085900000, 0x0000000085900000| Untracked 
|  26|0x0000000085a00000, 0x0000000085a00000, 0x0000000085b00000|  0%| F|  |TAMS 0x0000000085a00000, 0x0000000085a00000| Untracked 
|  27|0x0000000085b00000, 0x0000000085b00000, 0x0000000085c00000|  0%| F|  |TAMS 0x0000000085b00000, 0x0000000085b00000| Untracked 
|  28|0x0000000085c00000, 0x0000000085c00000, 0x0000000085d00000|  0%| F|  |TAMS 0x0000000085c00000, 0x0000000085c00000| Untracked 
|  29|0x0000000085d00000, 0x0000000085d00000, 0x0000000085e00000|  0%| F|  |TAMS 0x0000000085d00000, 0x0000000085d00000| Untracked 
|  30|0x0000000085e00000, 0x0000000085e00000, 0x0000000085f00000|  0%| F|  |TAMS 0x0000000085e00000, 0x0000000085e00000| Untracked 
|  31|0x0000000085f00000, 0x0000000085f00000, 0x0000000086000000|  0%| F|  |TAMS 0x0000000085f00000, 0x0000000085f00000| Untracked 
|  32|0x0000000086000000, 0x0000000086000000, 0x0000000086100000|  0%| F|  |TAMS 0x0000000086000000, 0x0000000086000000| Untracked 
|  33|0x0000000086100000, 0x0000000086100000, 0x0000000086200000|  0%| F|  |TAMS 0x0000000086100000, 0x0000000086100000| Untracked 
|  34|0x0000000086200000, 0x0000000086200000, 0x0000000086300000|  0%| F|  |TAMS 0x0000000086200000, 0x0000000086200000| Untracked 
|  35|0x0000000086300000, 0x0000000086300000, 0x0000000086400000|  0%| F|  |TAMS 0x0000000086300000, 0x0000000086300000| Untracked 
|  36|0x0000000086400000, 0x0000000086400000, 0x0000000086500000|  0%| F|  |TAMS 0x0000000086400000, 0x0000000086400000| Untracked 
|  37|0x0000000086500000, 0x0000000086500000, 0x0000000086600000|  0%| F|  |TAMS 0x0000000086500000, 0x0000000086500000| Untracked 
|  38|0x0000000086600000, 0x0000000086600000, 0x0000000086700000|  0%| F|  |TAMS 0x0000000086600000, 0x0000000086600000| Untracked 
|  39|0x0000000086700000, 0x0000000086700000, 0x0000000086800000|  0%| F|  |TAMS 0x0000000086700000, 0x0000000086700000| Untracked 
|  40|0x0000000086800000, 0x0000000086800000, 0x0000000086900000|  0%| F|  |TAMS 0x0000000086800000, 0x0000000086800000| Untracked 
|  41|0x0000000086900000, 0x0000000086900000, 0x0000000086a00000|  0%| F|  |TAMS 0x0000000086900000, 0x0000000086900000| Untracked 
|  42|0x0000000086a00000, 0x0000000086a00000, 0x0000000086b00000|  0%| F|  |TAMS 0x0000000086a00000, 0x0000000086a00000| Untracked 
|  43|0x0000000086b00000, 0x0000000086b00000, 0x0000000086c00000|  0%| F|  |TAMS 0x0000000086b00000, 0x0000000086b00000| Untracked 
|  44|0x0000000086c00000, 0x0000000086c00000, 0x0000000086d00000|  0%| F|  |TAMS 0x0000000086c00000, 0x0000000086c00000| Untracked 
|  45|0x0000000086d00000, 0x0000000086d00000, 0x0000000086e00000|  0%| F|  |TAMS 0x0000000086d00000, 0x0000000086d00000| Untracked 
|  46|0x0000000086e00000, 0x0000000086e00000, 0x0000000086f00000|  0%| F|  |TAMS 0x0000000086e00000, 0x0000000086e00000| Untracked 
|  47|0x0000000086f00000, 0x0000000086f00000, 0x0000000087000000|  0%| F|  |TAMS 0x0000000086f00000, 0x0000000086f00000| Untracked 
|  48|0x0000000087000000, 0x0000000087000000, 0x0000000087100000|  0%| F|  |TAMS 0x0000000087000000, 0x0000000087000000| Untracked 
|  49|0x0000000087100000, 0x0000000087100000, 0x0000000087200000|  0%| F|  |TAMS 0x0000000087100000, 0x0000000087100000| Untracked 
|  50|0x0000000087200000, 0x0000000087200000, 0x0000000087300000|  0%| F|  |TAMS 0x0000000087200000, 0x0000000087200000| Untracked 
|  51|0x0000000087300000, 0x0000000087300000, 0x0000000087400000|  0%| F|  |TAMS 0x0000000087300000, 0x0000000087300000| Untracked 
|  52|0x0000000087400000, 0x0000000087400000, 0x0000000087500000|  0%| F|  |TAMS 0x0000000087400000, 0x0000000087400000| Untracked 
|  53|0x0000000087500000, 0x0000000087500000, 0x0000000087600000|  0%| F|  |TAMS 0x0000000087500000, 0x0000000087500000| Untracked 
|  54|0x0000000087600000, 0x0000000087600000, 0x0000000087700000|  0%| F|  |TAMS 0x0000000087600000, 0x0000000087600000| Untracked 
|  55|0x0000000087700000, 0x0000000087700000, 0x0000000087800000|  0%| F|  |TAMS 0x0000000087700000, 0x0000000087700000| Untracked 
|  56|0x0000000087800000, 0x0000000087800000, 0x0000000087900000|  0%| F|  |TAMS 0x0000000087800000, 0x0000000087800000| Untracked 
|  57|0x0000000087900000, 0x0000000087900000, 0x0000000087a00000|  0%| F|  |TAMS 0x0000000087900000, 0x0000000087900000| Untracked 
|  58|0x0000000087a00000, 0x0000000087a00000, 0x0000000087b00000|  0%| F|  |TAMS 0x0000000087a00000, 0x0000000087a00000| Untracked 
|  59|0x0000000087b00000, 0x0000000087b00000, 0x0000000087c00000|  0%| F|  |TAMS 0x0000000087b00000, 0x0000000087b00000| Untracked 
|  60|0x0000000087c00000, 0x0000000087c00000, 0x0000000087d00000|  0%| F|  |TAMS 0x0000000087c00000, 0x0000000087c00000| Untracked 
|  61|0x0000000087d00000, 0x0000000087d00000, 0x0000000087e00000|  0%| F|  |TAMS 0x0000000087d00000, 0x0000000087d00000| Untracked 
|  62|0x0000000087e00000, 0x0000000087e00000, 0x0000000087f00000|  0%| F|  |TAMS 0x0000000087e00000, 0x0000000087e00000| Untracked 
|  63|0x0000000087f00000, 0x0000000087f00000, 0x0000000088000000|  0%| F|  |TAMS 0x0000000087f00000, 0x0000000087f00000| Untracked 
|  64|0x0000000088000000, 0x0000000088000000, 0x0000000088100000|  0%| F|  |TAMS 0x0000000088000000, 0x0000000088000000| Untracked 
|  65|0x0000000088100000, 0x0000000088100000, 0x0000000088200000|  0%| F|  |TAMS 0x0000000088100000, 0x0000000088100000| Untracked 
|  66|0x0000000088200000, 0x0000000088200000, 0x0000000088300000|  0%| F|  |TAMS 0x0000000088200000, 0x0000000088200000| Untracked 
|  67|0x0000000088300000, 0x0000000088300000, 0x0000000088400000|  0%| F|  |TAMS 0x0000000088300000, 0x0000000088300000| Untracked 
|  68|0x0000000088400000, 0x0000000088400000, 0x0000000088500000|  0%| F|  |TAMS 0x0000000088400000, 0x0000000088400000| Untracked 
|  69|0x0000000088500000, 0x0000000088500000, 0x0000000088600000|  0%| F|  |TAMS 0x0000000088500000, 0x0000000088500000| Untracked 
|  70|0x0000000088600000, 0x0000000088600000, 0x0000000088700000|  0%| F|  |TAMS 0x0000000088600000, 0x0000000088600000| Untracked 
|  71|0x0000000088700000, 0x0000000088700000, 0x0000000088800000|  0%| F|  |TAMS 0x0000000088700000, 0x0000000088700000| Untracked 
|  72|0x0000000088800000, 0x0000000088800000, 0x0000000088900000|  0%| F|  |TAMS 0x0000000088800000, 0x0000000088800000| Untracked 
|  73|0x0000000088900000, 0x0000000088900000, 0x0000000088a00000|  0%| F|  |TAMS 0x0000000088900000, 0x0000000088900000| Untracked 
|  74|0x0000000088a00000, 0x0000000088a00000, 0x0000000088b00000|  0%| F|  |TAMS 0x0000000088a00000, 0x0000000088a00000| Untracked 
|  75|0x0000000088b00000, 0x0000000088b00000, 0x0000000088c00000|  0%| F|  |TAMS 0x0000000088b00000, 0x0000000088b00000| Untracked 
|  76|0x0000000088c00000, 0x0000000088c00000, 0x0000000088d00000|  0%| F|  |TAMS 0x0000000088c00000, 0x0000000088c00000| Untracked 
|  77|0x0000000088d00000, 0x0000000088d00000, 0x0000000088e00000|  0%| F|  |TAMS 0x0000000088d00000, 0x0000000088d00000| Untracked 
|  78|0x0000000088e00000, 0x0000000088e00000, 0x0000000088f00000|  0%| F|  |TAMS 0x0000000088e00000, 0x0000000088e00000| Untracked 
|  79|0x0000000088f00000, 0x0000000088f00000, 0x0000000089000000|  0%| F|  |TAMS 0x0000000088f00000, 0x0000000088f00000| Untracked 
|  80|0x0000000089000000, 0x0000000089000000, 0x0000000089100000|  0%| F|  |TAMS 0x0000000089000000, 0x0000000089000000| Untracked 
|  81|0x0000000089100000, 0x0000000089100000, 0x0000000089200000|  0%| F|  |TAMS 0x0000000089100000, 0x0000000089100000| Untracked 
|  82|0x0000000089200000, 0x0000000089200000, 0x0000000089300000|  0%| F|  |TAMS 0x0000000089200000, 0x0000000089200000| Untracked 
|  83|0x0000000089300000, 0x0000000089300000, 0x0000000089400000|  0%| F|  |TAMS 0x0000000089300000, 0x0000000089300000| Untracked 
|  84|0x0000000089400000, 0x0000000089400000, 0x0000000089500000|  0%| F|  |TAMS 0x0000000089400000, 0x0000000089400000| Untracked 
|  85|0x0000000089500000, 0x0000000089500000, 0x0000000089600000|  0%| F|  |TAMS 0x0000000089500000, 0x0000000089500000| Untracked 
|  86|0x0000000089600000, 0x0000000089600000, 0x0000000089700000|  0%| F|  |TAMS 0x0000000089600000, 0x0000000089600000| Untracked 
|  87|0x0000000089700000, 0x0000000089700000, 0x0000000089800000|  0%| F|  |TAMS 0x0000000089700000, 0x0000000089700000| Untracked 
|  88|0x0000000089800000, 0x0000000089800000, 0x0000000089900000|  0%| F|  |TAMS 0x0000000089800000, 0x0000000089800000| Untracked 
|  89|0x0000000089900000, 0x0000000089900000, 0x0000000089a00000|  0%| F|  |TAMS 0x0000000089900000, 0x0000000089900000| Untracked 
|  90|0x0000000089a00000, 0x0000000089a00000, 0x0000000089b00000|  0%| F|  |TAMS 0x0000000089a00000, 0x0000000089a00000| Untracked 
|  91|0x0000000089b00000, 0x0000000089b00000, 0x0000000089c00000|  0%| F|  |TAMS 0x0000000089b00000, 0x0000000089b00000| Untracked 
|  92|0x0000000089c00000, 0x0000000089c00000, 0x0000000089d00000|  0%| F|  |TAMS 0x0000000089c00000, 0x0000000089c00000| Untracked 
|  93|0x0000000089d00000, 0x0000000089d00000, 0x0000000089e00000|  0%| F|  |TAMS 0x0000000089d00000, 0x0000000089d00000| Untracked 
|  94|0x0000000089e00000, 0x0000000089e00000, 0x0000000089f00000|  0%| F|  |TAMS 0x0000000089e00000, 0x0000000089e00000| Untracked 
|  95|0x0000000089f00000, 0x0000000089f00000, 0x000000008a000000|  0%| F|  |TAMS 0x0000000089f00000, 0x0000000089f00000| Untracked 
|  96|0x000000008a000000, 0x000000008a000000, 0x000000008a100000|  0%| F|  |TAMS 0x000000008a000000, 0x000000008a000000| Untracked 
|  97|0x000000008a100000, 0x000000008a100000, 0x000000008a200000|  0%| F|  |TAMS 0x000000008a100000, 0x000000008a100000| Untracked 
|  98|0x000000008a200000, 0x000000008a200000, 0x000000008a300000|  0%| F|  |TAMS 0x000000008a200000, 0x000000008a200000| Untracked 
|  99|0x000000008a300000, 0x000000008a300000, 0x000000008a400000|  0%| F|  |TAMS 0x000000008a300000, 0x000000008a300000| Untracked 
| 100|0x000000008a400000, 0x000000008a400000, 0x000000008a500000|  0%| F|  |TAMS 0x000000008a400000, 0x000000008a400000| Untracked 
| 101|0x000000008a500000, 0x000000008a500000, 0x000000008a600000|  0%| F|  |TAMS 0x000000008a500000, 0x000000008a500000| Untracked 
| 102|0x000000008a600000, 0x000000008a600000, 0x000000008a700000|  0%| F|  |TAMS 0x000000008a600000, 0x000000008a600000| Untracked 
| 103|0x000000008a700000, 0x000000008a7b9d60, 0x000000008a800000| 72%| S|CS|TAMS 0x000000008a700000, 0x000000008a700000| Complete 
| 104|0x000000008a800000, 0x000000008a900000, 0x000000008a900000|100%| S|CS|TAMS 0x000000008a800000, 0x000000008a800000| Complete 
| 105|0x000000008a900000, 0x000000008aa00000, 0x000000008aa00000|100%| S|CS|TAMS 0x000000008a900000, 0x000000008a900000| Complete 
| 106|0x000000008aa00000, 0x000000008ab00000, 0x000000008ab00000|100%| S|CS|TAMS 0x000000008aa00000, 0x000000008aa00000| Complete 
| 107|0x000000008ab00000, 0x000000008ac00000, 0x000000008ac00000|100%| S|CS|TAMS 0x000000008ab00000, 0x000000008ab00000| Complete 
| 108|0x000000008ac00000, 0x000000008ad00000, 0x000000008ad00000|100%| S|CS|TAMS 0x000000008ac00000, 0x000000008ac00000| Complete 
| 109|0x000000008ad00000, 0x000000008ad00000, 0x000000008ae00000|  0%| F|  |TAMS 0x000000008ad00000, 0x000000008ad00000| Untracked 
| 110|0x000000008ae00000, 0x000000008ae00000, 0x000000008af00000|  0%| F|  |TAMS 0x000000008ae00000, 0x000000008ae00000| Untracked 
| 111|0x000000008af00000, 0x000000008af00000, 0x000000008b000000|  0%| F|  |TAMS 0x000000008af00000, 0x000000008af00000| Untracked 
| 112|0x000000008b000000, 0x000000008b000000, 0x000000008b100000|  0%| F|  |TAMS 0x000000008b000000, 0x000000008b000000| Untracked 
| 113|0x000000008b100000, 0x000000008b200000, 0x000000008b200000|100%| E|  |TAMS 0x000000008b100000, 0x000000008b100000| Complete 
| 114|0x000000008b200000, 0x000000008b300000, 0x000000008b300000|100%| E|CS|TAMS 0x000000008b200000, 0x000000008b200000| Complete 
| 115|0x000000008b300000, 0x000000008b400000, 0x000000008b400000|100%| E|CS|TAMS 0x000000008b300000, 0x000000008b300000| Complete 
| 116|0x000000008b400000, 0x000000008b500000, 0x000000008b500000|100%| E|CS|TAMS 0x000000008b400000, 0x000000008b400000| Complete 
| 117|0x000000008b500000, 0x000000008b600000, 0x000000008b600000|100%| E|CS|TAMS 0x000000008b500000, 0x000000008b500000| Complete 
| 118|0x000000008b600000, 0x000000008b700000, 0x000000008b700000|100%| E|CS|TAMS 0x000000008b600000, 0x000000008b600000| Complete 
| 119|0x000000008b700000, 0x000000008b800000, 0x000000008b800000|100%| E|CS|TAMS 0x000000008b700000, 0x000000008b700000| Complete 
| 120|0x000000008b800000, 0x000000008b900000, 0x000000008b900000|100%| E|CS|TAMS 0x000000008b800000, 0x000000008b800000| Complete 
| 121|0x000000008b900000, 0x000000008ba00000, 0x000000008ba00000|100%| E|CS|TAMS 0x000000008b900000, 0x000000008b900000| Complete 
| 122|0x000000008ba00000, 0x000000008bb00000, 0x000000008bb00000|100%| E|CS|TAMS 0x000000008ba00000, 0x000000008ba00000| Complete 
| 123|0x000000008bb00000, 0x000000008bc00000, 0x000000008bc00000|100%| E|CS|TAMS 0x000000008bb00000, 0x000000008bb00000| Complete 

Card table byte_map: [0x0000023b72b70000,0x0000023b72f50000] _byte_map_base: 0x0000023b72750000

Marking Bits (Prev, Next): (CMBitMap*) 0x0000023b5da5a310, (CMBitMap*) 0x0000023b5da5a2d8
 Prev Bits: [0x0000023b75230000, 0x0000023b77130000)
 Next Bits: [0x0000023b73330000, 0x0000023b75230000)

Polling page: 0x0000023b5daf0000

Metaspace:

Usage:
  Non-class:     20.51 MB capacity,    20.14 MB ( 98%) used,   347.08 KB (  2%) free+waste,    30.13 KB ( <1%) overhead. 
      Class:      2.56 MB capacity,     2.44 MB ( 95%) used,   110.98 KB (  4%) free+waste,    12.44 KB ( <1%) overhead. 
       Both:     23.07 MB capacity,    22.58 MB ( 98%) used,   458.06 KB (  2%) free+waste,    42.56 KB ( <1%) overhead. 

Virtual space:
  Non-class space:       22.00 MB reserved,      20.67 MB ( 94%) committed 
      Class space:        1.00 GB reserved,       2.63 MB ( <1%) committed 
             Both:        1.02 GB reserved,      23.30 MB (  2%) committed 

Chunk freelists:
   Non-Class:  102.00 KB
       Class:  2.00 KB
        Both:  104.00 KB

MaxMetaspaceSize: 17179869184.00 GB
CompressedClassSpaceSize: 1.00 GB
Initial GC threshold: 20.80 MB
Current GC threshold: 35.08 MB
CDS: off

CodeHeap 'non-profiled nmethods': size=120000Kb used=563Kb max_used=563Kb free=119436Kb
 bounds [0x0000023b6a7f0000, 0x0000023b6aa60000, 0x0000023b71d20000]
CodeHeap 'profiled nmethods': size=120000Kb used=2716Kb max_used=2716Kb free=117283Kb
 bounds [0x0000023b632c0000, 0x0000023b63570000, 0x0000023b6a7f0000]
CodeHeap 'non-nmethods': size=5760Kb used=1216Kb max_used=1244Kb free=4543Kb
 bounds [0x0000023b62d20000, 0x0000023b62f90000, 0x0000023b632c0000]
 total_blobs=1951 nmethods=1472 adapters=392
 compilation: enabled
              stopped_count=0, restarted_count=0
 full_count=0

Compilation events (20 events):
Event: 1.609 Thread 0x0000023b79c3e800 1463       1       java.util.concurrent.locks.AbstractQueuedSynchronizer::setState (6 bytes)
Event: 1.609 Thread 0x0000023b79c3e800 nmethod 1463 0x0000023b6a86ee10 code [0x0000023b6a86efc0, 0x0000023b6a86f078]
Event: 1.612 Thread 0x0000023b79c3e800 1465       3       java.util.logging.LogManager$LoggerContext::requiresDefaultLoggers (29 bytes)
Event: 1.612 Thread 0x0000023b79c3e800 nmethod 1465 0x0000023b63560c10 code [0x0000023b63560de0, 0x0000023b63560fe8]
Event: 1.624 Thread 0x0000023b7aef0800 nmethod 1459 0x0000023b6a86f590 code [0x0000023b6a86f800, 0x0000023b6a870720]
Event: 1.624 Thread 0x0000023b7aef0800 1466       4       java.util.jar.JarFile::getEntry (22 bytes)
Event: 1.633 Thread 0x0000023b79c3e800 1468       3       java.util.Optional::empty (6 bytes)
Event: 1.633 Thread 0x0000023b79c3e800 nmethod 1468 0x0000023b63561090 code [0x0000023b63561240, 0x0000023b63561338]
Event: 1.633 Thread 0x0000023b79c3e800 1469       3       jdk.internal.module.SystemModuleFinders$SystemModuleReader::find (54 bytes)
Event: 1.635 Thread 0x0000023b79c3e800 nmethod 1469 0x0000023b63561410 code [0x0000023b63561740, 0x0000023b63562758]
Event: 1.635 Thread 0x0000023b79c3e800 1470       3       jdk.internal.jimage.ImageStringsReader::get (9 bytes)
Event: 1.635 Thread 0x0000023b79c3e800 nmethod 1470 0x0000023b63562d90 code [0x0000023b63562f40, 0x0000023b635630e8]
Event: 1.640 Thread 0x0000023b7aef0800 nmethod 1466 0x0000023b6a871190 code [0x0000023b6a8713a0, 0x0000023b6a871f90]
Event: 1.640 Thread 0x0000023b7aef0800 1460   !   4       jdk.internal.loader.URLClassPath$JarLoader::ensureOpen (36 bytes)
Event: 1.642 Thread 0x0000023b7aef0800 nmethod 1460 0x0000023b6a872410 code [0x0000023b6a8725c0, 0x0000023b6a8726e8]
Event: 1.642 Thread 0x0000023b7aef0800 1467   !   4       jdk.internal.loader.URLClassPath$JarLoader::getResource (65 bytes)
Event: 1.658 Thread 0x0000023b7aef0800 nmethod 1467 0x0000023b6a872810 code [0x0000023b6a872aa0, 0x0000023b6a873500]
Event: 1.658 Thread 0x0000023b7aef0800 1471   !   4       java.util.concurrent.ConcurrentHashMap::transfer (828 bytes)
Event: 1.673 Thread 0x0000023b79c3e800 1472       1       java.lang.ClassLoader::getUnnamedModule (5 bytes)
Event: 1.673 Thread 0x0000023b79c3e800 nmethod 1472 0x0000023b6a873d90 code [0x0000023b6a873f40, 0x0000023b6a873ff8]

GC Heap History (4 events):
Event: 0.901 GC heap before
{Heap before GC invocations=0 (full 0):
 garbage-first heap   total 126976K, used 27648K [0x0000000084000000, 0x0000000100000000)
  region size 1024K, 24 young (24576K), 0 survivors (0K)
 Metaspace       used 15805K, capacity 16160K, committed 16384K, reserved 1064960K
  class space    used 1658K, capacity 1738K, committed 1792K, reserved 1048576K
}
Event: 0.908 GC heap after
{Heap after GC invocations=1 (full 0):
 garbage-first heap   total 126976K, used 6519K [0x0000000084000000, 0x0000000100000000)
  region size 1024K, 3 young (3072K), 3 survivors (3072K)
 Metaspace       used 15805K, capacity 16160K, committed 16384K, reserved 1064960K
  class space    used 1658K, capacity 1738K, committed 1792K, reserved 1048576K
}
Event: 1.294 GC heap before
{Heap before GC invocations=1 (full 0):
 garbage-first heap   total 126976K, used 20855K [0x0000000084000000, 0x0000000100000000)
  region size 1024K, 18 young (18432K), 3 survivors (3072K)
 Metaspace       used 20639K, capacity 21127K, committed 21296K, reserved 1069056K
  class space    used 2187K, capacity 2322K, committed 2432K, reserved 1048576K
}
Event: 1.302 GC heap after
{Heap after GC invocations=2 (full 0):
 garbage-first heap   total 126976K, used 9310K [0x0000000084000000, 0x0000000100000000)
  region size 1024K, 6 young (6144K), 6 survivors (6144K)
 Metaspace       used 20639K, capacity 21127K, committed 21296K, reserved 1069056K
  class space    used 2187K, capacity 2322K, committed 2432K, reserved 1048576K
}

Deoptimization events (20 events):
Event: 1.455 Thread 0x0000023b5da1b000 DEOPT PACKING pc=0x0000023b6352c442 sp=0x00000085dd0fc7f0
Event: 1.455 Thread 0x0000023b5da1b000 DEOPT UNPACKING pc=0x0000023b62d69d0e sp=0x00000085dd0fbc48 mode 0
Event: 1.455 Thread 0x0000023b5da1b000 DEOPT PACKING pc=0x0000023b6352c442 sp=0x00000085dd0fc7f0
Event: 1.455 Thread 0x0000023b5da1b000 DEOPT UNPACKING pc=0x0000023b62d69d0e sp=0x00000085dd0fbc48 mode 0
Event: 1.455 Thread 0x0000023b5da1b000 DEOPT PACKING pc=0x0000023b6352c442 sp=0x00000085dd0fc7f0
Event: 1.455 Thread 0x0000023b5da1b000 DEOPT UNPACKING pc=0x0000023b62d69d0e sp=0x00000085dd0fbc48 mode 0
Event: 1.455 Thread 0x0000023b5da1b000 DEOPT PACKING pc=0x0000023b6353f28b sp=0x00000085dd0fcc50
Event: 1.455 Thread 0x0000023b5da1b000 DEOPT UNPACKING pc=0x0000023b62d69d0e sp=0x00000085dd0fc128 mode 0
Event: 1.455 Thread 0x0000023b5da1b000 DEOPT PACKING pc=0x0000023b6352c442 sp=0x00000085dd0fc7e0
Event: 1.455 Thread 0x0000023b5da1b000 DEOPT UNPACKING pc=0x0000023b62d69d0e sp=0x00000085dd0fbc38 mode 0
Event: 1.457 Thread 0x0000023b5da1b000 Uncommon trap: trap_request=0xffffff4d fr.pc=0x0000023b6a85afc0 relative=0x00000000000016a0
Event: 1.457 Thread 0x0000023b5da1b000 Uncommon trap: reason=unstable_if action=reinterpret pc=0x0000023b6a85afc0 method=com.sun.crypto.provider.PBKDF2KeyImpl.deriveKey(Ljavax/crypto/Mac;[B[BII)[B @ 172 c2
Event: 1.457 Thread 0x0000023b5da1b000 DEOPT PACKING pc=0x0000023b6a85afc0 sp=0x00000085dd0fcc40
Event: 1.457 Thread 0x0000023b5da1b000 DEOPT UNPACKING pc=0x0000023b62d285af sp=0x00000085dd0fcc28 mode 2
Event: 1.466 Thread 0x0000023b5da1b000 Uncommon trap: trap_request=0xffffff4d fr.pc=0x0000023b6a85e624 relative=0x00000000000004c4
Event: 1.466 Thread 0x0000023b5da1b000 Uncommon trap: reason=unstable_if action=reinterpret pc=0x0000023b6a85e624 method=sun.security.provider.SHA2.implDigest([BI)V @ 21 c2
Event: 1.466 Thread 0x0000023b5da1b000 DEOPT PACKING pc=0x0000023b6a85e624 sp=0x00000085dd0fc250
Event: 1.466 Thread 0x0000023b5da1b000 DEOPT UNPACKING pc=0x0000023b62d285af sp=0x00000085dd0fc188 mode 2
Event: 1.655 Thread 0x0000023b5da1b000 DEOPT PACKING pc=0x0000023b635519f6 sp=0x00000085dd0fc790
Event: 1.655 Thread 0x0000023b5da1b000 DEOPT UNPACKING pc=0x0000023b62d69d0e sp=0x00000085dd0fbcb0 mode 0

Classes redefined (0 events):
No events

Internal exceptions (20 events):
Event: 0.410 Thread 0x0000023b5da1b000 Exception <a 'java/lang/NoClassDefFoundError'{0x000000008b08b080}: org/apache/logging/log4j/spi/ExtendedLoggerWrapper> (0x000000008b08b080) thrown at [./src/hotspot/share/classfile/systemDictionary.cpp, line 220]
Event: 0.410 Thread 0x0000023b5da1b000 Exception <a 'java/lang/NoClassDefFoundError'{0x000000008b092a98}: org/apache/log4j/Priority> (0x000000008b092a98) thrown at [./src/hotspot/share/classfile/systemDictionary.cpp, line 220]
Event: 0.432 Thread 0x0000023b5da1b000 Exception <a 'java/lang/NoSuchMethodError'{0x000000008af0da90}: 'java.lang.Object java.lang.invoke.DirectMethodHandle$Holder.invokeStaticInit(java.lang.Object, java.lang.Object, java.lang.Object)'> (0x000000008af0da90) thrown at [./src/hotspot/share/interpreter/linkResolver.cpp, line 773]
Event: 0.483 Thread 0x0000023b5da1b000 Exception <a 'java/lang/NoSuchMethodError'{0x000000008ae9c598}: 'java.lang.Object java.lang.invoke.DirectMethodHandle$Holder.invokeStaticInit(java.lang.Object, int, int, int, int)'> (0x000000008ae9c598) thrown at [./src/hotspot/share/interpreter/linkResolver.cpp, line 773]
Event: 0.686 Thread 0x0000023b5da1b000 Exception <a 'java/lang/NoSuchMethodError'{0x000000008aee56b8}: 'java.lang.Object java.lang.invoke.DirectMethodHandle$Holder.invokeStaticInit(java.lang.Object, java.lang.Object, int, int, int, int)'> (0x000000008aee56b8) thrown at [./src/hotspot/share/interpreter/linkResolver.cpp, line 773]
Event: 0.693 Thread 0x0000023b5da1b000 Exception <a 'java/lang/UnsatisfiedLinkError'{0x000000008aef8978}: 'int io.netty.channel.epoll.Native.offsetofEpollData()'> (0x000000008aef8978) thrown at [./src/hotspot/share/prims/nativeLookup.cpp, line 529]
Event: 0.693 Thread 0x0000023b5da1b000 Exception <a 'java/lang/ExceptionInInitializerError'{0x000000008aef95e0}> (0x000000008aef95e0) thrown at [./src/hotspot/share/oops/instanceKlass.cpp, line 1034]
Event: 1.020 Thread 0x0000023b5da1b000 Exception <a 'java/lang/ClassNotFoundException'{0x000000008b7c6200}: org/eclipse/jetty/alpn/ALPN> (0x000000008b7c6200) thrown at [./src/hotspot/share/classfile/systemDictionary.cpp, line 231]
Event: 1.020 Thread 0x0000023b5da1b000 Exception <a 'java/lang/ClassNotFoundException'{0x000000008b7c6818}: org/eclipse/jetty/npn/NextProtoNego> (0x000000008b7c6818) thrown at [./src/hotspot/share/classfile/systemDictionary.cpp, line 231]
Event: 1.036 Thread 0x0000023b5da1b000 Exception <a 'sun/nio/fs/WindowsException'{0x000000008b7e09c8}> (0x000000008b7e09c8) thrown at [./src/hotspot/share/prims/jni.cpp, line 616]
Event: 1.043 Thread 0x0000023b5da1b000 Exception <a 'java/lang/NoSuchMethodError'{0x000000008b600500}: 'int java.lang.invoke.DirectMethodHandle$Holder.invokeStaticInit(java.lang.Object, java.lang.Object, java.lang.Object, java.lang.Object)'> (0x000000008b600500) thrown at [./src/hotspot/share/interpreter/linkResolver.cpp, line 773]
Event: 1.044 Thread 0x0000023b5da1b000 Exception <a 'java/lang/IncompatibleClassChangeError'{0x000000008b6098d8}: Found class java.lang.Object, but interface was expected> (0x000000008b6098d8) thrown at [./src/hotspot/share/interpreter/linkResolver.cpp, line 839]
Event: 1.045 Thread 0x0000023b5da1b000 Exception <a 'java/lang/NoSuchMethodError'{0x000000008b60cf40}: 'void java.lang.invoke.DirectMethodHandle$Holder.invokeStaticInit(java.lang.Object, java.lang.Object)'> (0x000000008b60cf40) thrown at [./src/hotspot/share/interpreter/linkResolver.cpp, line 773]
Event: 1.046 Thread 0x0000023b5da1b000 Exception <a 'java/lang/NoSuchMethodError'{0x000000008b612978}: 'int java.lang.invoke.DirectMethodHandle$Holder.invokeStaticInit(java.lang.Object, java.lang.Object)'> (0x000000008b612978) thrown at [./src/hotspot/share/interpreter/linkResolver.cpp, line 773]
Event: 1.196 Thread 0x0000023b5da1b000 Exception <a 'java/lang/ClassNotFoundException'{0x000000008b1c9978}: org/eclipse/jetty/alpn/ALPN> (0x000000008b1c9978) thrown at [./src/hotspot/share/classfile/systemDictionary.cpp, line 231]
Event: 1.196 Thread 0x0000023b5da1b000 Exception <a 'java/lang/ClassNotFoundException'{0x000000008b1c9f40}: org/eclipse/jetty/npn/NextProtoNego> (0x000000008b1c9f40) thrown at [./src/hotspot/share/classfile/systemDictionary.cpp, line 231]
Event: 1.196 Thread 0x0000023b5da1b000 Exception <a 'java/lang/ClassNotFoundException'{0x000000008b1ca500}: org/eclipse/jetty/alpn/ALPN> (0x000000008b1ca500) thrown at [./src/hotspot/share/classfile/systemDictionary.cpp, line 231]
Event: 1.197 Thread 0x0000023b5da1b000 Exception <a 'java/lang/ClassNotFoundException'{0x000000008b1caac8}: org/eclipse/jetty/npn/NextProtoNego> (0x000000008b1caac8) thrown at [./src/hotspot/share/classfile/systemDictionary.cpp, line 231]
Event: 1.423 Thread 0x0000023b5da1b000 Exception <a 'java/lang/NoSuchMethodError'{0x000000008b90bfa8}: 'java.lang.Object java.lang.invoke.DirectMethodHandle$Holder.invokeStatic(java.lang.Object, java.lang.Object, java.lang.Object, java.lang.Object, java.lang.Object, java.lang.Object, java.lang.Object, int)'> (0x000000008b90bfa8) thrown at [./src/hotspot/share/interpreter/linkResolver.cpp, line 773]
Event: 1.423 Thread 0x0000023b5da1b000 Exception <a 'java/lang/NoSuchMethodError'{0x000000008b9103e0}: 'java.lang.Object java.lang.invoke.DirectMethodHandle$Holder.invokeSpecial(java.lang.Object, java.lang.Object, java.lang.Object, java.lang.Object, java.lang.Object, java.lang.Object, java.lang.Object, java.lang.Object, int)'> (0x000000008b9103e0) thrown at [./src/hotspot/share/interpreter/linkResolver.cpp, line 773]

Events (20 events):
Event: 1.674 loading class com/android/tools/utp/plugins/result/listener/gradle/proto/GradleAndroidTestResultListenerProto$RecordTestResultEventResponse done
Event: 1.675 loading class com/android/tools/utp/plugins/result/listener/gradle/proto/GradleAndroidTestResultListenerProto$RecordTestResultEventResponseOrBuilder
Event: 1.675 loading class com/android/tools/utp/plugins/result/listener/gradle/proto/GradleAndroidTestResultListenerProto$RecordTestResultEventResponseOrBuilder done
Event: 1.676 loading class com/android/tools/utp/plugins/result/listener/gradle/proto/GradleAndroidTestResultListenerProto$RecordTestResultEventResponse$1
Event: 1.676 loading class com/android/tools/utp/plugins/result/listener/gradle/proto/GradleAndroidTestResultListenerProto$RecordTestResultEventResponse$1 done
Event: 1.676 loading class com/android/tools/utp/plugins/result/listener/gradle/proto/GradleAndroidTestResultListenerServiceGrpc$GradleAndroidTestResultListenerServiceMethodDescriptorSupplier
Event: 1.676 loading class com/android/tools/utp/plugins/result/listener/gradle/proto/GradleAndroidTestResultListenerServiceGrpc$GradleAndroidTestResultListenerServiceMethodDescriptorSupplier done
Event: 1.676 loading class io/grpc/protobuf/ProtoMethodDescriptorSupplier
Event: 1.676 loading class io/grpc/protobuf/ProtoMethodDescriptorSupplier done
Event: 1.676 loading class io/grpc/protobuf/ProtoServiceDescriptorSupplier
Event: 1.676 loading class io/grpc/protobuf/ProtoServiceDescriptorSupplier done
Event: 1.676 loading class io/grpc/protobuf/ProtoFileDescriptorSupplier
Event: 1.676 loading class io/grpc/protobuf/ProtoFileDescriptorSupplier done
Event: 1.676 loading class com/android/tools/utp/plugins/result/listener/gradle/proto/GradleAndroidTestResultListenerServiceGrpc$GradleAndroidTestResultListenerServiceBaseDescriptorSupplier
Event: 1.676 loading class com/android/tools/utp/plugins/result/listener/gradle/proto/GradleAndroidTestResultListenerServiceGrpc$GradleAndroidTestResultListenerServiceBaseDescriptorSupplier done
Event: 1.677 loading class io/grpc/internal/ManagedChannelImpl$RealChannel$2
Event: 1.677 loading class io/grpc/internal/ManagedChannelImpl$RealChannel$2 done
Event: 1.677 loading class java/util/concurrent/TimeUnit$1
Event: 1.677 loading class java/util/concurrent/TimeUnit$1 done
Event: 1.677 loading class java/time/temporal/ChronoUnit


Dynamic libraries:
0x00007ff64b820000 - 0x00007ff64b82a000 	C:\Program Files\Android\Android Studio\jre\bin\java.exe
0x00007ff89fbb0000 - 0x00007ff89fdc4000 	C:\WINDOWS\SYSTEM32\ntdll.dll
0x00007ff89e4e0000 - 0x00007ff89e5a2000 	C:\WINDOWS\System32\KERNEL32.DLL
0x00007ff89d110000 - 0x00007ff89d4ac000 	C:\WINDOWS\System32\KERNELBASE.dll
0x00007ff89d4b0000 - 0x00007ff89d5c1000 	C:\WINDOWS\System32\ucrtbase.dll
0x00007ff885650000 - 0x00007ff885667000 	C:\Program Files\Android\Android Studio\jre\bin\VCRUNTIME140.dll
0x00007ff897a80000 - 0x00007ff897a99000 	C:\Program Files\Android\Android Studio\jre\bin\jli.dll
0x00007ff89f740000 - 0x00007ff89f8ea000 	C:\WINDOWS\System32\USER32.dll
0x00007ff8923f0000 - 0x00007ff89267e000 	C:\WINDOWS\WinSxS\amd64_microsoft.windows.common-controls_6595b64144ccf1df_6.0.22621.608_none_a9444ca7c10bb01d\COMCTL32.dll
0x00007ff89d980000 - 0x00007ff89d9a6000 	C:\WINDOWS\System32\win32u.dll
0x00007ff89f650000 - 0x00007ff89f6f7000 	C:\WINDOWS\System32\msvcrt.dll
0x00007ff89da70000 - 0x00007ff89da99000 	C:\WINDOWS\System32\GDI32.dll
0x00007ff89d650000 - 0x00007ff89d762000 	C:\WINDOWS\System32\gdi32full.dll
0x00007ff89d770000 - 0x00007ff89d80a000 	C:\WINDOWS\System32\msvcp_win.dll
0x00007ff89f700000 - 0x00007ff89f731000 	C:\WINDOWS\System32\IMM32.DLL
0x00007ff86b4c0000 - 0x00007ff86b55d000 	C:\Program Files\Android\Android Studio\jre\bin\msvcp140.dll
0x00007ff800050000 - 0x00007ff800b52000 	C:\Program Files\Android\Android Studio\jre\bin\server\jvm.dll
0x00007ff89e620000 - 0x00007ff89e6ce000 	C:\WINDOWS\System32\ADVAPI32.dll
0x00007ff89d9b0000 - 0x00007ff89da54000 	C:\WINDOWS\System32\sechost.dll
0x00007ff89daa0000 - 0x00007ff89dbb5000 	C:\WINDOWS\System32\RPCRT4.dll
0x00007ff89da60000 - 0x00007ff89da68000 	C:\WINDOWS\System32\PSAPI.DLL
0x00007ff896590000 - 0x00007ff8965c4000 	C:\WINDOWS\SYSTEM32\WINMM.dll
0x00007ff884c50000 - 0x00007ff884c59000 	C:\WINDOWS\SYSTEM32\WSOCK32.dll
0x00007ff893490000 - 0x00007ff89349a000 	C:\WINDOWS\SYSTEM32\VERSION.dll
0x00007ff89e460000 - 0x00007ff89e4d1000 	C:\WINDOWS\System32\WS2_32.dll
0x00007ff89c110000 - 0x00007ff89c128000 	C:\WINDOWS\SYSTEM32\kernel.appcore.dll
0x00007ff8975b0000 - 0x00007ff8975c1000 	C:\Program Files\Android\Android Studio\jre\bin\verify.dll
0x00007ff89a940000 - 0x00007ff89ab6e000 	C:\WINDOWS\SYSTEM32\DBGHELP.DLL
0x00007ff89e820000 - 0x00007ff89eba9000 	C:\WINDOWS\System32\combase.dll
0x00007ff89fa90000 - 0x00007ff89fb67000 	C:\WINDOWS\System32\OLEAUT32.dll
0x00007ff884920000 - 0x00007ff884952000 	C:\WINDOWS\SYSTEM32\dbgcore.DLL
0x00007ff89d5d0000 - 0x00007ff89d64b000 	C:\WINDOWS\System32\bcryptPrimitives.dll
0x00007ff897470000 - 0x00007ff897499000 	C:\Program Files\Android\Android Studio\jre\bin\java.dll
0x00007ff8984d0000 - 0x00007ff8984db000 	C:\Program Files\Android\Android Studio\jre\bin\jimage.dll
0x00007ff897430000 - 0x00007ff897448000 	C:\Program Files\Android\Android Studio\jre\bin\zip.dll
0x00007ff89dbc0000 - 0x00007ff89e39d000 	C:\WINDOWS\System32\SHELL32.dll
0x00007ff89b000000 - 0x00007ff89b8b7000 	C:\WINDOWS\SYSTEM32\windows.storage.dll
0x00007ff89aec0000 - 0x00007ff89affd000 	C:\WINDOWS\SYSTEM32\wintypes.dll
0x00007ff89f0f0000 - 0x00007ff89f1e1000 	C:\WINDOWS\System32\SHCORE.dll
0x00007ff89e7c0000 - 0x00007ff89e81e000 	C:\WINDOWS\System32\shlwapi.dll
0x00007ff89cf10000 - 0x00007ff89cf31000 	C:\WINDOWS\SYSTEM32\profapi.dll
0x00007ff88baa0000 - 0x00007ff88baba000 	C:\Program Files\Android\Android Studio\jre\bin\net.dll
0x00007ff896b70000 - 0x00007ff896c9f000 	C:\WINDOWS\SYSTEM32\WINHTTP.dll
0x00007ff89c570000 - 0x00007ff89c5d9000 	C:\WINDOWS\system32\mswsock.dll
0x00007ff882be0000 - 0x00007ff882bf4000 	C:\Program Files\Android\Android Studio\jre\bin\nio.dll
0x00007ff8978f0000 - 0x00007ff8978fa000 	C:\Program Files\Android\Android Studio\jre\bin\management.dll
0x00007ff8978d0000 - 0x00007ff8978dd000 	C:\Program Files\Android\Android Studio\jre\bin\management_ext.dll
0x00007ff89c790000 - 0x00007ff89c7ab000 	C:\WINDOWS\SYSTEM32\CRYPTSP.dll
0x00007ff89c080000 - 0x00007ff89c0b5000 	C:\WINDOWS\system32\rsaenh.dll
0x00007ff89c630000 - 0x00007ff89c658000 	C:\WINDOWS\SYSTEM32\USERENV.dll
0x00007ff89c9b0000 - 0x00007ff89c9d8000 	C:\WINDOWS\SYSTEM32\bcrypt.dll
0x00007ff89c7c0000 - 0x00007ff89c7cc000 	C:\WINDOWS\SYSTEM32\CRYPTBASE.dll
0x00007ff89bb80000 - 0x00007ff89bbad000 	C:\WINDOWS\SYSTEM32\IPHLPAPI.DLL
0x00007ff89f080000 - 0x00007ff89f089000 	C:\WINDOWS\System32\NSI.dll
0x00007ff896cb0000 - 0x00007ff896cc9000 	C:\WINDOWS\SYSTEM32\dhcpcsvc6.DLL
0x00007ff896b50000 - 0x00007ff896b6f000 	C:\WINDOWS\SYSTEM32\dhcpcsvc.DLL
0x00007ff89bbf0000 - 0x00007ff89bce2000 	C:\WINDOWS\SYSTEM32\DNSAPI.dll
0x00007ff87b780000 - 0x00007ff87b7a7000 	C:\Program Files\Android\Android Studio\jre\bin\sunec.dll

dbghelp: loaded successfully - version: 4.0.5 - missing functions: none
symbol engine: initialized successfully - sym options: 0x614 - pdb path: .;C:\Program Files\Android\Android Studio\jre\bin;C:\WINDOWS\SYSTEM32;C:\WINDOWS\WinSxS\amd64_microsoft.windows.common-controls_6595b64144ccf1df_6.0.22621.608_none_a9444ca7c10bb01d;C:\Program Files\Android\Android Studio\jre\bin\server

VM Arguments:
jvm_args: -Djava.awt.headless=true -Djava.util.logging.config.file=C:\Users\ouijd\.android\utp\logging4387227314910557752properties -Dfile.encoding=UTF-8 -Duser.country=FR -Duser.language=fr -Duser.variant 
java_command: com.google.testing.platform.launcher.Launcher C:\Users\ouijd\.gradle\caches\modules-2\files-2.1\com.google.testing.platform\core\0.0.8-alpha07\185ff5f0c2380a7a283320bc5ec9130dbcbbb030\core-0.0.8-alpha07.jar --proto_config=C:\Users\ouijd\.android\utp\runnerConfig5331154389444884552.pb --proto_server_config=C:\Users\ouijd\.android\utp\serverConfig2134514451500898563.pb
java_class_path (initial): C:\Users\ouijd\.gradle\caches\modules-2\files-2.1\com.google.testing.platform\launcher\0.0.8-alpha07\47d15094202612b26f5a07fbfbe17ff8900a58c4\launcher-0.0.8-alpha07.jar
Launcher Type: SUN_STANDARD

[Global flags]
     intx CICompilerCount                          = 4                                         {product} {ergonomic}
     uint ConcGCThreads                            = 2                                         {product} {ergonomic}
     uint G1ConcRefinementThreads                  = 8                                         {product} {ergonomic}
   size_t G1HeapRegionSize                         = 1048576                                   {product} {ergonomic}
    uintx GCDrainStackTargetSize                   = 64                                        {product} {ergonomic}
   size_t InitialHeapSize                          = 130023424                                 {product} {ergonomic}
   size_t MarkStackSize                            = 4194304                                   {product} {ergonomic}
   size_t MaxHeapSize                              = 2080374784                                {product} {ergonomic}
   size_t MaxNewSize                               = 1247805440                                {product} {ergonomic}
   size_t MinHeapDeltaBytes                        = 1048576                                   {product} {ergonomic}
    uintx NonNMethodCodeHeapSize                   = 5836300                                {pd product} {ergonomic}
    uintx NonProfiledCodeHeapSize                  = 122910970                              {pd product} {ergonomic}
    uintx ProfiledCodeHeapSize                     = 122910970                              {pd product} {ergonomic}
    uintx ReservedCodeCacheSize                    = 251658240                              {pd product} {ergonomic}
     bool SegmentedCodeCache                       = true                                      {product} {ergonomic}
     bool UseCompressedClassPointers               = true                                 {lp64_product} {ergonomic}
     bool UseCompressedOops                        = true                                 {lp64_product} {ergonomic}
     bool UseG1GC                                  = true                                      {product} {ergonomic}
     bool UseLargePagesIndividualAllocation        = false                                  {pd product} {ergonomic}

Logging:
Log output configuration:
 #0: stdout all=warning uptime,level,tags
 #1: stderr all=off uptime,level,tags

Environment Variables:
PATH=C:\Program Files\National Instruments\Shared\OpenVINO\;C:\Program Files (x86)\Common Files\Oracle\Java\javapath;C:\Program Files (x86)\NVIDIA Corporation\PhysX\Common;C:\WINDOWS\system32;C:\WINDOWS;C:\WINDOWS\System32\Wbem;C:\WINDOWS\System32\WindowsPowerShell\v1.0\;C:\WINDOWS\System32\OpenSSH\;C:\Program Files (x86)\Windows Kits\8.1\Windows Performance Toolkit\;C:\Program Files (x86)\IVI Foundation\VISA\WinNT\Bin\;C:\Program Files\IVI Foundation\VISA\Win64\Bin\;C:\Program Files (x86)\IVI Foundation\IVI\bin;C:\Program Files\IVI Foundation\IVI\bin;C:\Program Files (x86)\IVI Foundation\VISA\WinNT\Bin;C:\Program Files\nodejs\;C:\Users\ouijd\AppData\Local\Programs\Python\Python310\Scripts;C:\Program Files\MATLAB\R2022a\bin;C:\Program Files\dotnet\;C:\WINDOWS\system32;C:\WINDOWS;C:\WINDOWS\System32\Wbem;C:\WINDOWS\System32\WindowsPowerShell\v1.0\;C:\WINDOWS\System32\OpenSSH\;C:\Program Files\Git\cmd;C:\Users\ouijd\AppData\Local\Programs\Python\Python310\Scripts;C:\Users\ouijd\AppData\Local\Microsoft\WindowsApps;C:\Users\ouijd\AppData\Local\Programs\Microsoft VS Code\bin;C:\Program Files\JetBrains\PyCharm Community Edition 2021.3.3\bin;;C:\Program Files (x86)\Brackets\;C:\Program Files\nodejs;C:\Users\ouijd\AppData\Roaming\npm;C:\Users\ouijd\.dotnet\tools;C:\Users\ouijd\AppData\Local\GitHubDesktop\bin
USERNAME=ouijd
OS=Windows_NT
PROCESSOR_IDENTIFIER=Intel64 Family 6 Model 126 Stepping 5, GenuineIntel



---------------  S Y S T E M  ---------------

OS: Windows 11 , 64 bit Build 22621 (10.0.22621.608)
OS uptime: 0 days 4:57 hours
Hyper-V role detected

CPU:total 8 (initial active 8) (4 cores per cpu, 2 threads per core) family 6 model 126 stepping 5 microcode 0xa0, cmov, cx8, fxsr, mmx, sse, sse2, sse3, ssse3, sse4.1, sse4.2, popcnt, avx, avx2, aes, clmul, erms, 3dnowpref, lzcnt, ht, tsc, tscinvbit, bmi1, bmi2, adx, evex, sha, fma

Memory: 4k page, system-wide physical 7932M (427M free)
TotalPageFile size 13550M (AvailPageFile size 0M)
current process WorkingSet (physical memory assigned to process): 115M, peak: 116M
current process commit charge ("private bytes"): 244M, peak: 245M

vm_info: OpenJDK 64-Bit Server VM (11.0.13+0-b1751.21-8125866) for windows-amd64 JRE (11.0.13+0-b1751.21-8125866), built on Feb  2 2022 03:00:22 by "builder" with MS VC++ 14.0 (VS2015)

END.
