#
# There is insufficient memory for the Java Runtime Environment to continue.
# Native memory allocation (malloc) failed to allocate 32744 bytes for ChunkPool::allocate
# Possible reasons:
#   The system is out of physical RAM or swap space
#   The process is running with CompressedOops enabled, and the Java Heap may be blocking the growth of the native heap
# Possible solutions:
#   Reduce memory load on the system
#   Increase physical memory or swap space
#   Check if swap backing store is full
#   Decrease Java heap size (-Xmx/-Xms)
#   Decrease number of Java threads
#   Decrease Java thread stack sizes (-Xss)
#   Set larger code cache with -XX:ReservedCodeCacheSize=
#   JVM is running with Unscaled Compressed Oops mode in which the Java heap is
#     placed in the first 4GB address space. The Java Heap base address is the
#     maximum limit for the native heap growth. Please use -XX:HeapBaseMinAddress
#     to set the Java Heap base and to place the Java Heap above 4GB virtual address.
# This output file may be truncated or incomplete.
#
#  Out of Memory Error (./src/hotspot/share/memory/arena.cpp:81), pid=15808, tid=3496
#
# JRE version: OpenJDK Runtime Environment (11.0.13) (build 11.0.13+0-b1751.21-8125866)
# Java VM: OpenJDK 64-Bit Server VM (11.0.13+0-b1751.21-8125866, mixed mode, tiered, compressed oops, g1 gc, windows-amd64)
# No core dump will be written. Minidumps are not enabled by default on client versions of Windows
#

---------------  S U M M A R Y ------------

Command Line: -Djava.awt.headless=true -Djava.util.logging.config.file=C:\Users\ouijd\.android\utp\logging12964596810209749576properties -Dfile.encoding=UTF-8 -Duser.country=FR -Duser.language=fr -Duser.variant com.google.testing.platform.launcher.Launcher C:\Users\ouijd\.gradle\caches\modules-2\files-2.1\com.google.testing.platform\core\0.0.8-alpha07\185ff5f0c2380a7a283320bc5ec9130dbcbbb030\core-0.0.8-alpha07.jar --proto_config=C:\Users\ouijd\.android\utp\runnerConfig3160722749814165021.pb --proto_server_config=C:\Users\ouijd\.android\utp\serverConfig4577492930075465143.pb

Host: Intel(R) Core(TM) i5-1035G1 CPU @ 1.00GHz, 8 cores, 7G,  Windows 11 , 64 bit Build 22621 (10.0.22621.608)
Time: Sat Oct 22 15:01:51 2022 Paris, Madrid (heure d’été) elapsed time: 2.609770 seconds (0d 0h 0m 2s)

---------------  T H R E A D  ---------------

Current thread (0x0000028cdf7e7800):  JavaThread "C2 CompilerThread0" daemon [_thread_in_native, id=3496, stack(0x000000c68fb00000,0x000000c68fc00000)]


Current CompileTask:
C2:   2609 1638   !   4       jdk.internal.loader.BuiltinClassLoader::loadClassOrNull (143 bytes)

Stack: [0x000000c68fb00000,0x000000c68fc00000]
Native frames: (J=compiled Java code, j=interpreted, Vv=VM code, C=native code)
V  [jvm.dll+0x6100fa]
V  [jvm.dll+0x747090]
V  [jvm.dll+0x7486ad]
V  [jvm.dll+0x748d83]
V  [jvm.dll+0x24ab48]
V  [jvm.dll+0xc075b]
V  [jvm.dll+0xc0a0c]
V  [jvm.dll+0xc060c]
V  [jvm.dll+0x5eed90]
V  [jvm.dll+0x6407ee]
V  [jvm.dll+0x19da88]
V  [jvm.dll+0x2033be]
V  [jvm.dll+0x202437]
V  [jvm.dll+0x188e01]
V  [jvm.dll+0x21106b]
V  [jvm.dll+0x20f8c1]
V  [jvm.dll+0x70de0f]
V  [jvm.dll+0x706a75]
V  [jvm.dll+0x60ed66]
C  [ucrtbase.dll+0x29363]
C  [KERNEL32.DLL+0x1244d]
C  [ntdll.dll+0x5df78]


---------------  P R O C E S S  ---------------

Threads class SMR info:
_java_thread_list=0x0000028ce34ee1f0, length=24, elements={
0x0000028cc557c800, 0x0000028cdf7e1000, 0x0000028cdf7d1000, 0x0000028cdf7dc800,
0x0000028cdf7e4000, 0x0000028cdf7e5800, 0x0000028cdf7e7800, 0x0000028cdf7ea800,
0x0000028cdf7ec800, 0x0000028ce01da800, 0x0000028ce1f12800, 0x0000028ce1c6e800,
0x0000028ce1f1d800, 0x0000028ce2470000, 0x0000028ce3521000, 0x0000028ce1e93800,
0x0000028ce1f91800, 0x0000028ce1dc0000, 0x0000028ce378d000, 0x0000028ce342c000,
0x0000028ce342c800, 0x0000028ce342d800, 0x0000028ce342e800, 0x0000028ce3f7a800
}

Java Threads: ( => current thread )
  0x0000028cc557c800 JavaThread "main" [_thread_blocked, id=18004, stack(0x000000c68ef00000,0x000000c68f000000)]
  0x0000028cdf7e1000 JavaThread "Reference Handler" daemon [_thread_blocked, id=12848, stack(0x000000c68f600000,0x000000c68f700000)]
  0x0000028cdf7d1000 JavaThread "Finalizer" daemon [_thread_blocked, id=5152, stack(0x000000c68f700000,0x000000c68f800000)]
  0x0000028cdf7dc800 JavaThread "Signal Dispatcher" daemon [_thread_blocked, id=15432, stack(0x000000c68f800000,0x000000c68f900000)]
  0x0000028cdf7e4000 JavaThread "Attach Listener" daemon [_thread_blocked, id=3784, stack(0x000000c68f900000,0x000000c68fa00000)]
  0x0000028cdf7e5800 JavaThread "Service Thread" daemon [_thread_blocked, id=15188, stack(0x000000c68fa00000,0x000000c68fb00000)]
=>0x0000028cdf7e7800 JavaThread "C2 CompilerThread0" daemon [_thread_in_native, id=3496, stack(0x000000c68fb00000,0x000000c68fc00000)]
  0x0000028cdf7ea800 JavaThread "C1 CompilerThread0" daemon [_thread_blocked, id=15016, stack(0x000000c68fc00000,0x000000c68fd00000)]
  0x0000028cdf7ec800 JavaThread "Sweeper thread" daemon [_thread_blocked, id=11816, stack(0x000000c68fd00000,0x000000c68fe00000)]
  0x0000028ce01da800 JavaThread "Common-Cleaner" daemon [_thread_blocked, id=19204, stack(0x000000c68ff00000,0x000000c690000000)]
  0x0000028ce1f12800 JavaThread "grpc-nio-worker-ELG-4-1" daemon [_thread_in_native, id=18000, stack(0x000000c690200000,0x000000c690300000)]
  0x0000028ce1c6e800 JavaThread "grpc-default-executor-0" daemon [_thread_blocked, id=15420, stack(0x000000c690300000,0x000000c690400000)]
  0x0000028ce1f1d800 JavaThread "grpc-default-executor-1" daemon [_thread_blocked, id=7392, stack(0x000000c690400000,0x000000c690500000)]
  0x0000028ce2470000 JavaThread "grpc-default-executor-2" daemon [_thread_blocked, id=14136, stack(0x000000c690500000,0x000000c690600000)]
  0x0000028ce3521000 JavaThread "Monitor" [_thread_in_native, id=10384, stack(0x000000c690600000,0x000000c690700000)]
  0x0000028ce1e93800 JavaThread "JdwpProxyConnection" [_thread_in_native, id=12092, stack(0x000000c690700000,0x000000c690800000)]
  0x0000028ce1f91800 JavaThread "Device Client Monitor" [_thread_in_native, id=9400, stack(0x000000c690800000,0x000000c690900000)]
  0x0000028ce1dc0000 JavaThread "Device List Monitor" [_thread_in_native, id=13496, stack(0x000000c690900000,0x000000c690a00000)]
  0x0000028ce378d000 JavaThread "grpc-nio-worker-ELG-4-2" daemon [_thread_in_native, id=13928, stack(0x000000c691000000,0x000000c691100000)]
  0x0000028ce342c000 JavaThread "DefaultDispatcher-worker-1" daemon [_thread_blocked, id=3112, stack(0x000000c691200000,0x000000c691300000)]
  0x0000028ce342c800 JavaThread "DefaultDispatcher-worker-2" daemon [_thread_blocked, id=7384, stack(0x000000c691300000,0x000000c691400000)]
  0x0000028ce342d800 JavaThread "kotlinx.coroutines.DefaultExecutor" daemon [_thread_blocked, id=8372, stack(0x000000c691400000,0x000000c691500000)]
  0x0000028ce342e800 JavaThread "grpc-nio-worker-ELG-4-3" daemon [_thread_in_native, id=12352, stack(0x000000c691500000,0x000000c691600000)]
  0x0000028ce3f7a800 JavaThread "grpc-nio-worker-ELG-4-4" daemon [_thread_in_native, id=19224, stack(0x000000c691600000,0x000000c691700000)]

Other Threads:
  0x0000028ce0019800 VMThread "VM Thread" [stack: 0x000000c68f500000,0x000000c68f600000] [id=13376]
  0x0000028ce01d6000 WatcherThread [stack: 0x000000c68fe00000,0x000000c68ff00000] [id=19592]
  0x0000028cc5594000 GCTaskThread "GC Thread#0" [stack: 0x000000c68f000000,0x000000c68f100000] [id=14520]
  0x0000028ce08fc800 GCTaskThread "GC Thread#1" [stack: 0x000000c690000000,0x000000c690100000] [id=2456]
  0x0000028ce08fe800 GCTaskThread "GC Thread#2" [stack: 0x000000c690a00000,0x000000c690b00000] [id=9968]
  0x0000028ce08fd000 GCTaskThread "GC Thread#3" [stack: 0x000000c690b00000,0x000000c690c00000] [id=13736]
  0x0000028ce08fd800 GCTaskThread "GC Thread#4" [stack: 0x000000c690c00000,0x000000c690d00000] [id=1116]
  0x0000028ce0901800 GCTaskThread "GC Thread#5" [stack: 0x000000c690d00000,0x000000c690e00000] [id=19916]
  0x0000028ce0900800 GCTaskThread "GC Thread#6" [stack: 0x000000c690e00000,0x000000c690f00000] [id=3776]
  0x0000028ce0902000 GCTaskThread "GC Thread#7" [stack: 0x000000c690f00000,0x000000c691000000] [id=6684]
  0x0000028cc55c4000 ConcurrentGCThread "G1 Main Marker" [stack: 0x000000c68f100000,0x000000c68f200000] [id=11112]
  0x0000028cc55ca800 ConcurrentGCThread "G1 Conc#0" [stack: 0x000000c68f200000,0x000000c68f300000] [id=9600]
  0x0000028ce0900000 ConcurrentGCThread "G1 Conc#1" [stack: 0x000000c690100000,0x000000c690200000] [id=3852]
  0x0000028cdf62e800 ConcurrentGCThread "G1 Refine#0" [stack: 0x000000c68f300000,0x000000c68f400000] [id=9548]
  0x0000028cdf632800 ConcurrentGCThread "G1 Young RemSet Sampling" [stack: 0x000000c68f400000,0x000000c68f500000] [id=1892]

Threads with active compile tasks:
C2 CompilerThread0   2632 1638   !   4       jdk.internal.loader.BuiltinClassLoader::loadClassOrNull (143 bytes)

VM state:not at safepoint (normal execution)

VM Mutex/Monitor currently owned by a thread: None

Heap address: 0x0000000084000000, size: 1984 MB, Compressed Oops mode: 32-bit
Narrow klass base: 0x0000000000000000, Narrow klass shift: 3
Compressed class space size: 1073741824 Address: 0x0000000100000000

Heap:
 garbage-first heap   total 126976K, used 27742K [0x0000000084000000, 0x0000000100000000)
  region size 1024K, 17 young (17408K), 6 survivors (6144K)
 Metaspace       used 32422K, capacity 33132K, committed 33328K, reserved 1079296K
  class space    used 3655K, capacity 3869K, committed 3968K, reserved 1048576K
Heap Regions: E=young(eden), S=young(survivor), O=old, HS=humongous(starts), HC=humongous(continues), CS=collection set, F=free, A=archive, TAMS=top-at-mark-start (previous, next)
|   0|0x0000000084000000, 0x0000000084100000, 0x0000000084100000|100%|HS|  |TAMS 0x0000000084100000, 0x0000000084000000| Complete 
|   1|0x0000000084100000, 0x0000000084200000, 0x0000000084200000|100%|HS|  |TAMS 0x0000000084200000, 0x0000000084100000| Complete 
|   2|0x0000000084200000, 0x0000000084300000, 0x0000000084300000|100%|HC|  |TAMS 0x0000000084300000, 0x0000000084200000| Complete 
|   3|0x0000000084300000, 0x0000000084400000, 0x0000000084400000|100%| O|  |TAMS 0x0000000084300000, 0x0000000084300000| Untracked 
|   4|0x0000000084400000, 0x0000000084500000, 0x0000000084500000|100%| O|  |TAMS 0x000000008445c000, 0x0000000084400000| Untracked 
|   5|0x0000000084500000, 0x0000000084600000, 0x0000000084600000|100%| O|  |TAMS 0x0000000084500000, 0x0000000084500000| Untracked 
|   6|0x0000000084600000, 0x000000008464c400, 0x0000000084700000| 29%| O|  |TAMS 0x0000000084600000, 0x0000000084600000| Untracked 
|   7|0x0000000084700000, 0x0000000084800000, 0x0000000084800000|100%|HS|  |TAMS 0x0000000084700000, 0x0000000084700000| Complete 
|   8|0x0000000084800000, 0x0000000084900000, 0x0000000084900000|100%|HC|  |TAMS 0x0000000084800000, 0x0000000084800000| Complete 
|   9|0x0000000084900000, 0x0000000084a00000, 0x0000000084a00000|100%|HC|  |TAMS 0x0000000084900000, 0x0000000084900000| Complete 
|  10|0x0000000084a00000, 0x0000000084b00000, 0x0000000084b00000|100%|HS|  |TAMS 0x0000000084a00000, 0x0000000084a00000| Complete 
|  11|0x0000000084b00000, 0x0000000084c00000, 0x0000000084c00000|100%|HC|  |TAMS 0x0000000084b00000, 0x0000000084b00000| Complete 
|  12|0x0000000084c00000, 0x0000000084d00000, 0x0000000084d00000|100%|HC|  |TAMS 0x0000000084c00000, 0x0000000084c00000| Complete 
|  13|0x0000000084d00000, 0x0000000084d00000, 0x0000000084e00000|  0%| F|  |TAMS 0x0000000084d00000, 0x0000000084d00000| Untracked 
|  14|0x0000000084e00000, 0x0000000084e00000, 0x0000000084f00000|  0%| F|  |TAMS 0x0000000084e00000, 0x0000000084e00000| Untracked 
|  15|0x0000000084f00000, 0x0000000084f00000, 0x0000000085000000|  0%| F|  |TAMS 0x0000000084f00000, 0x0000000084f00000| Untracked 
|  16|0x0000000085000000, 0x0000000085000000, 0x0000000085100000|  0%| F|  |TAMS 0x0000000085000000, 0x0000000085000000| Untracked 
|  17|0x0000000085100000, 0x0000000085100000, 0x0000000085200000|  0%| F|  |TAMS 0x0000000085100000, 0x0000000085100000| Untracked 
|  18|0x0000000085200000, 0x0000000085200000, 0x0000000085300000|  0%| F|  |TAMS 0x0000000085200000, 0x0000000085200000| Untracked 
|  19|0x0000000085300000, 0x0000000085300000, 0x0000000085400000|  0%| F|  |TAMS 0x0000000085300000, 0x0000000085300000| Untracked 
|  20|0x0000000085400000, 0x0000000085400000, 0x0000000085500000|  0%| F|  |TAMS 0x0000000085400000, 0x0000000085400000| Untracked 
|  21|0x0000000085500000, 0x0000000085500000, 0x0000000085600000|  0%| F|  |TAMS 0x0000000085500000, 0x0000000085500000| Untracked 
|  22|0x0000000085600000, 0x0000000085600000, 0x0000000085700000|  0%| F|  |TAMS 0x0000000085600000, 0x0000000085600000| Untracked 
|  23|0x0000000085700000, 0x0000000085700000, 0x0000000085800000|  0%| F|  |TAMS 0x0000000085700000, 0x0000000085700000| Untracked 
|  24|0x0000000085800000, 0x0000000085800000, 0x0000000085900000|  0%| F|  |TAMS 0x0000000085800000, 0x0000000085800000| Untracked 
|  25|0x0000000085900000, 0x0000000085900000, 0x0000000085a00000|  0%| F|  |TAMS 0x0000000085900000, 0x0000000085900000| Untracked 
|  26|0x0000000085a00000, 0x0000000085a00000, 0x0000000085b00000|  0%| F|  |TAMS 0x0000000085a00000, 0x0000000085a00000| Untracked 
|  27|0x0000000085b00000, 0x0000000085b00000, 0x0000000085c00000|  0%| F|  |TAMS 0x0000000085b00000, 0x0000000085b00000| Untracked 
|  28|0x0000000085c00000, 0x0000000085c00000, 0x0000000085d00000|  0%| F|  |TAMS 0x0000000085c00000, 0x0000000085c00000| Untracked 
|  29|0x0000000085d00000, 0x0000000085d00000, 0x0000000085e00000|  0%| F|  |TAMS 0x0000000085d00000, 0x0000000085d00000| Untracked 
|  30|0x0000000085e00000, 0x0000000085e00000, 0x0000000085f00000|  0%| F|  |TAMS 0x0000000085e00000, 0x0000000085e00000| Untracked 
|  31|0x0000000085f00000, 0x0000000085f00000, 0x0000000086000000|  0%| F|  |TAMS 0x0000000085f00000, 0x0000000085f00000| Untracked 
|  32|0x0000000086000000, 0x0000000086000000, 0x0000000086100000|  0%| F|  |TAMS 0x0000000086000000, 0x0000000086000000| Untracked 
|  33|0x0000000086100000, 0x0000000086100000, 0x0000000086200000|  0%| F|  |TAMS 0x0000000086100000, 0x0000000086100000| Untracked 
|  34|0x0000000086200000, 0x0000000086200000, 0x0000000086300000|  0%| F|  |TAMS 0x0000000086200000, 0x0000000086200000| Untracked 
|  35|0x0000000086300000, 0x0000000086300000, 0x0000000086400000|  0%| F|  |TAMS 0x0000000086300000, 0x0000000086300000| Untracked 
|  36|0x0000000086400000, 0x0000000086400000, 0x0000000086500000|  0%| F|  |TAMS 0x0000000086400000, 0x0000000086400000| Untracked 
|  37|0x0000000086500000, 0x0000000086500000, 0x0000000086600000|  0%| F|  |TAMS 0x0000000086500000, 0x0000000086500000| Untracked 
|  38|0x0000000086600000, 0x0000000086600000, 0x0000000086700000|  0%| F|  |TAMS 0x0000000086600000, 0x0000000086600000| Untracked 
|  39|0x0000000086700000, 0x0000000086700000, 0x0000000086800000|  0%| F|  |TAMS 0x0000000086700000, 0x0000000086700000| Untracked 
|  40|0x0000000086800000, 0x0000000086800000, 0x0000000086900000|  0%| F|  |TAMS 0x0000000086800000, 0x0000000086800000| Untracked 
|  41|0x0000000086900000, 0x0000000086900000, 0x0000000086a00000|  0%| F|  |TAMS 0x0000000086900000, 0x0000000086900000| Untracked 
|  42|0x0000000086a00000, 0x0000000086a00000, 0x0000000086b00000|  0%| F|  |TAMS 0x0000000086a00000, 0x0000000086a00000| Untracked 
|  43|0x0000000086b00000, 0x0000000086b00000, 0x0000000086c00000|  0%| F|  |TAMS 0x0000000086b00000, 0x0000000086b00000| Untracked 
|  44|0x0000000086c00000, 0x0000000086c00000, 0x0000000086d00000|  0%| F|  |TAMS 0x0000000086c00000, 0x0000000086c00000| Untracked 
|  45|0x0000000086d00000, 0x0000000086d00000, 0x0000000086e00000|  0%| F|  |TAMS 0x0000000086d00000, 0x0000000086d00000| Untracked 
|  46|0x0000000086e00000, 0x0000000086e00000, 0x0000000086f00000|  0%| F|  |TAMS 0x0000000086e00000, 0x0000000086e00000| Untracked 
|  47|0x0000000086f00000, 0x0000000086f00000, 0x0000000087000000|  0%| F|  |TAMS 0x0000000086f00000, 0x0000000086f00000| Untracked 
|  48|0x0000000087000000, 0x0000000087000000, 0x0000000087100000|  0%| F|  |TAMS 0x0000000087000000, 0x0000000087000000| Untracked 
|  49|0x0000000087100000, 0x0000000087100000, 0x0000000087200000|  0%| F|  |TAMS 0x0000000087100000, 0x0000000087100000| Untracked 
|  50|0x0000000087200000, 0x0000000087200000, 0x0000000087300000|  0%| F|  |TAMS 0x0000000087200000, 0x0000000087200000| Untracked 
|  51|0x0000000087300000, 0x0000000087300000, 0x0000000087400000|  0%| F|  |TAMS 0x0000000087300000, 0x0000000087300000| Untracked 
|  52|0x0000000087400000, 0x0000000087400000, 0x0000000087500000|  0%| F|  |TAMS 0x0000000087400000, 0x0000000087400000| Untracked 
|  53|0x0000000087500000, 0x0000000087500000, 0x0000000087600000|  0%| F|  |TAMS 0x0000000087500000, 0x0000000087500000| Untracked 
|  54|0x0000000087600000, 0x0000000087600000, 0x0000000087700000|  0%| F|  |TAMS 0x0000000087600000, 0x0000000087600000| Untracked 
|  55|0x0000000087700000, 0x0000000087700000, 0x0000000087800000|  0%| F|  |TAMS 0x0000000087700000, 0x0000000087700000| Untracked 
|  56|0x0000000087800000, 0x0000000087800000, 0x0000000087900000|  0%| F|  |TAMS 0x0000000087800000, 0x0000000087800000| Untracked 
|  57|0x0000000087900000, 0x0000000087900000, 0x0000000087a00000|  0%| F|  |TAMS 0x0000000087900000, 0x0000000087900000| Untracked 
|  58|0x0000000087a00000, 0x0000000087a00000, 0x0000000087b00000|  0%| F|  |TAMS 0x0000000087a00000, 0x0000000087a00000| Untracked 
|  59|0x0000000087b00000, 0x0000000087b00000, 0x0000000087c00000|  0%| F|  |TAMS 0x0000000087b00000, 0x0000000087b00000| Untracked 
|  60|0x0000000087c00000, 0x0000000087c00000, 0x0000000087d00000|  0%| F|  |TAMS 0x0000000087c00000, 0x0000000087c00000| Untracked 
|  61|0x0000000087d00000, 0x0000000087d00000, 0x0000000087e00000|  0%| F|  |TAMS 0x0000000087d00000, 0x0000000087d00000| Untracked 
|  62|0x0000000087e00000, 0x0000000087e00000, 0x0000000087f00000|  0%| F|  |TAMS 0x0000000087e00000, 0x0000000087e00000| Untracked 
|  63|0x0000000087f00000, 0x0000000087f00000, 0x0000000088000000|  0%| F|  |TAMS 0x0000000087f00000, 0x0000000087f00000| Untracked 
|  64|0x0000000088000000, 0x0000000088000000, 0x0000000088100000|  0%| F|  |TAMS 0x0000000088000000, 0x0000000088000000| Untracked 
|  65|0x0000000088100000, 0x0000000088100000, 0x0000000088200000|  0%| F|  |TAMS 0x0000000088100000, 0x0000000088100000| Untracked 
|  66|0x0000000088200000, 0x0000000088200000, 0x0000000088300000|  0%| F|  |TAMS 0x0000000088200000, 0x0000000088200000| Untracked 
|  67|0x0000000088300000, 0x0000000088300000, 0x0000000088400000|  0%| F|  |TAMS 0x0000000088300000, 0x0000000088300000| Untracked 
|  68|0x0000000088400000, 0x0000000088400000, 0x0000000088500000|  0%| F|  |TAMS 0x0000000088400000, 0x0000000088400000| Untracked 
|  69|0x0000000088500000, 0x0000000088500000, 0x0000000088600000|  0%| F|  |TAMS 0x0000000088500000, 0x0000000088500000| Untracked 
|  70|0x0000000088600000, 0x0000000088600000, 0x0000000088700000|  0%| F|  |TAMS 0x0000000088600000, 0x0000000088600000| Untracked 
|  71|0x0000000088700000, 0x0000000088700000, 0x0000000088800000|  0%| F|  |TAMS 0x0000000088700000, 0x0000000088700000| Untracked 
|  72|0x0000000088800000, 0x0000000088800000, 0x0000000088900000|  0%| F|  |TAMS 0x0000000088800000, 0x0000000088800000| Untracked 
|  73|0x0000000088900000, 0x0000000088900000, 0x0000000088a00000|  0%| F|  |TAMS 0x0000000088900000, 0x0000000088900000| Untracked 
|  74|0x0000000088a00000, 0x0000000088a00000, 0x0000000088b00000|  0%| F|  |TAMS 0x0000000088a00000, 0x0000000088a00000| Untracked 
|  75|0x0000000088b00000, 0x0000000088bcb580, 0x0000000088c00000| 79%| S|CS|TAMS 0x0000000088b00000, 0x0000000088b00000| Complete 
|  76|0x0000000088c00000, 0x0000000088d00000, 0x0000000088d00000|100%| S|CS|TAMS 0x0000000088c00000, 0x0000000088c00000| Complete 
|  77|0x0000000088d00000, 0x0000000088e00000, 0x0000000088e00000|100%| S|CS|TAMS 0x0000000088d00000, 0x0000000088d00000| Complete 
|  78|0x0000000088e00000, 0x0000000088f00000, 0x0000000088f00000|100%| S|CS|TAMS 0x0000000088e00000, 0x0000000088e00000| Complete 
|  79|0x0000000088f00000, 0x0000000089000000, 0x0000000089000000|100%| S|CS|TAMS 0x0000000088f00000, 0x0000000088f00000| Complete 
|  80|0x0000000089000000, 0x0000000089100000, 0x0000000089100000|100%| S|CS|TAMS 0x0000000089000000, 0x0000000089000000| Complete 
|  81|0x0000000089100000, 0x0000000089100000, 0x0000000089200000|  0%| F|  |TAMS 0x0000000089100000, 0x0000000089100000| Untracked 
|  82|0x0000000089200000, 0x0000000089200000, 0x0000000089300000|  0%| F|  |TAMS 0x0000000089200000, 0x0000000089200000| Untracked 
|  83|0x0000000089300000, 0x0000000089300000, 0x0000000089400000|  0%| F|  |TAMS 0x0000000089300000, 0x0000000089300000| Untracked 
|  84|0x0000000089400000, 0x0000000089400000, 0x0000000089500000|  0%| F|  |TAMS 0x0000000089400000, 0x0000000089400000| Untracked 
|  85|0x0000000089500000, 0x0000000089500000, 0x0000000089600000|  0%| F|  |TAMS 0x0000000089500000, 0x0000000089500000| Untracked 
|  86|0x0000000089600000, 0x0000000089600000, 0x0000000089700000|  0%| F|  |TAMS 0x0000000089600000, 0x0000000089600000| Untracked 
|  87|0x0000000089700000, 0x0000000089700000, 0x0000000089800000|  0%| F|  |TAMS 0x0000000089700000, 0x0000000089700000| Untracked 
|  88|0x0000000089800000, 0x0000000089800000, 0x0000000089900000|  0%| F|  |TAMS 0x0000000089800000, 0x0000000089800000| Untracked 
|  89|0x0000000089900000, 0x0000000089900000, 0x0000000089a00000|  0%| F|  |TAMS 0x0000000089900000, 0x0000000089900000| Untracked 
|  90|0x0000000089a00000, 0x0000000089a00000, 0x0000000089b00000|  0%| F|  |TAMS 0x0000000089a00000, 0x0000000089a00000| Untracked 
|  91|0x0000000089b00000, 0x0000000089b00000, 0x0000000089c00000|  0%| F|  |TAMS 0x0000000089b00000, 0x0000000089b00000| Untracked 
|  92|0x0000000089c00000, 0x0000000089c00000, 0x0000000089d00000|  0%| F|  |TAMS 0x0000000089c00000, 0x0000000089c00000| Untracked 
|  93|0x0000000089d00000, 0x0000000089d00000, 0x0000000089e00000|  0%| F|  |TAMS 0x0000000089d00000, 0x0000000089d00000| Untracked 
|  94|0x0000000089e00000, 0x0000000089e00000, 0x0000000089f00000|  0%| F|  |TAMS 0x0000000089e00000, 0x0000000089e00000| Untracked 
|  95|0x0000000089f00000, 0x0000000089f00000, 0x000000008a000000|  0%| F|  |TAMS 0x0000000089f00000, 0x0000000089f00000| Untracked 
|  96|0x000000008a000000, 0x000000008a000000, 0x000000008a100000|  0%| F|  |TAMS 0x000000008a000000, 0x000000008a000000| Untracked 
|  97|0x000000008a100000, 0x000000008a100000, 0x000000008a200000|  0%| F|  |TAMS 0x000000008a100000, 0x000000008a100000| Untracked 
|  98|0x000000008a200000, 0x000000008a200000, 0x000000008a300000|  0%| F|  |TAMS 0x000000008a200000, 0x000000008a200000| Untracked 
|  99|0x000000008a300000, 0x000000008a300000, 0x000000008a400000|  0%| F|  |TAMS 0x000000008a300000, 0x000000008a300000| Untracked 
| 100|0x000000008a400000, 0x000000008a400000, 0x000000008a500000|  0%| F|  |TAMS 0x000000008a400000, 0x000000008a400000| Untracked 
| 101|0x000000008a500000, 0x000000008a500000, 0x000000008a600000|  0%| F|  |TAMS 0x000000008a500000, 0x000000008a500000| Untracked 
| 102|0x000000008a600000, 0x000000008a600000, 0x000000008a700000|  0%| F|  |TAMS 0x000000008a600000, 0x000000008a600000| Untracked 
| 103|0x000000008a700000, 0x000000008a700000, 0x000000008a800000|  0%| F|  |TAMS 0x000000008a700000, 0x000000008a700000| Untracked 
| 104|0x000000008a800000, 0x000000008a800000, 0x000000008a900000|  0%| F|  |TAMS 0x000000008a800000, 0x000000008a800000| Untracked 
| 105|0x000000008a900000, 0x000000008a900000, 0x000000008aa00000|  0%| F|  |TAMS 0x000000008a900000, 0x000000008a900000| Untracked 
| 106|0x000000008aa00000, 0x000000008aa00000, 0x000000008ab00000|  0%| F|  |TAMS 0x000000008aa00000, 0x000000008aa00000| Untracked 
| 107|0x000000008ab00000, 0x000000008ab00000, 0x000000008ac00000|  0%| F|  |TAMS 0x000000008ab00000, 0x000000008ab00000| Untracked 
| 108|0x000000008ac00000, 0x000000008ac00000, 0x000000008ad00000|  0%| F|  |TAMS 0x000000008ac00000, 0x000000008ac00000| Untracked 
| 109|0x000000008ad00000, 0x000000008ad00000, 0x000000008ae00000|  0%| F|  |TAMS 0x000000008ad00000, 0x000000008ad00000| Untracked 
| 110|0x000000008ae00000, 0x000000008ae00000, 0x000000008af00000|  0%| F|  |TAMS 0x000000008ae00000, 0x000000008ae00000| Untracked 
| 111|0x000000008af00000, 0x000000008af00000, 0x000000008b000000|  0%| F|  |TAMS 0x000000008af00000, 0x000000008af00000| Untracked 
| 112|0x000000008b000000, 0x000000008b000000, 0x000000008b100000|  0%| F|  |TAMS 0x000000008b000000, 0x000000008b000000| Untracked 
| 113|0x000000008b100000, 0x000000008b142308, 0x000000008b200000| 25%| E|  |TAMS 0x000000008b100000, 0x000000008b100000| Complete 
| 114|0x000000008b200000, 0x000000008b300000, 0x000000008b300000|100%| E|CS|TAMS 0x000000008b200000, 0x000000008b200000| Complete 
| 115|0x000000008b300000, 0x000000008b400000, 0x000000008b400000|100%| E|CS|TAMS 0x000000008b300000, 0x000000008b300000| Complete 
| 116|0x000000008b400000, 0x000000008b500000, 0x000000008b500000|100%| E|CS|TAMS 0x000000008b400000, 0x000000008b400000| Complete 
| 117|0x000000008b500000, 0x000000008b600000, 0x000000008b600000|100%| E|CS|TAMS 0x000000008b500000, 0x000000008b500000| Complete 
| 118|0x000000008b600000, 0x000000008b700000, 0x000000008b700000|100%| E|CS|TAMS 0x000000008b600000, 0x000000008b600000| Complete 
| 119|0x000000008b700000, 0x000000008b800000, 0x000000008b800000|100%| E|CS|TAMS 0x000000008b700000, 0x000000008b700000| Complete 
| 120|0x000000008b800000, 0x000000008b900000, 0x000000008b900000|100%| E|  |TAMS 0x000000008b800000, 0x000000008b800000| Complete 
| 121|0x000000008b900000, 0x000000008ba00000, 0x000000008ba00000|100%| E|CS|TAMS 0x000000008b900000, 0x000000008b900000| Complete 
| 122|0x000000008ba00000, 0x000000008bb00000, 0x000000008bb00000|100%| E|CS|TAMS 0x000000008ba00000, 0x000000008ba00000| Complete 
| 123|0x000000008bb00000, 0x000000008bc00000, 0x000000008bc00000|100%| E|CS|TAMS 0x000000008bb00000, 0x000000008bb00000| Complete 

Card table byte_map: [0x0000028cd87a0000,0x0000028cd8b80000] _byte_map_base: 0x0000028cd8380000

Marking Bits (Prev, Next): (CMBitMap*) 0x0000028cc55bba10, (CMBitMap*) 0x0000028cc55bb9d8
 Prev Bits: [0x0000028cdae60000, 0x0000028cdcd60000)
 Next Bits: [0x0000028cd8f60000, 0x0000028cdae60000)

Polling page: 0x0000028cc3590000

Metaspace:

Usage:
  Non-class:     28.58 MB capacity,    28.09 MB ( 98%) used,   450.14 KB (  2%) free+waste,    45.63 KB ( <1%) overhead. 
      Class:      3.78 MB capacity,     3.57 MB ( 94%) used,   193.37 KB (  5%) free+waste,    19.88 KB ( <1%) overhead. 
       Both:     32.36 MB capacity,    31.66 MB ( 98%) used,   643.51 KB (  2%) free+waste,    65.50 KB ( <1%) overhead. 

Virtual space:
  Non-class space:       30.00 MB reserved,      28.67 MB ( 96%) committed 
      Class space:        1.00 GB reserved,       3.88 MB ( <1%) committed 
             Both:        1.03 GB reserved,      32.55 MB (  3%) committed 

Chunk freelists:
   Non-Class:  33.00 KB
       Class:  3.00 KB
        Both:  36.00 KB

MaxMetaspaceSize: 17179869184.00 GB
CompressedClassSpaceSize: 1.00 GB
Initial GC threshold: 20.80 MB
Current GC threshold: 35.08 MB
CDS: off

CodeHeap 'non-profiled nmethods': size=120000Kb used=604Kb max_used=604Kb free=119396Kb
 bounds [0x0000028cd0b60000, 0x0000028cd0dd0000, 0x0000028cd8090000]
CodeHeap 'profiled nmethods': size=120000Kb used=3330Kb max_used=3330Kb free=116669Kb
 bounds [0x0000028cc9630000, 0x0000028cc9980000, 0x0000028cd0b60000]
CodeHeap 'non-nmethods': size=5760Kb used=1265Kb max_used=1269Kb free=4494Kb
 bounds [0x0000028cc9090000, 0x0000028cc9300000, 0x0000028cc9630000]
 total_blobs=2380 nmethods=1837 adapters=456
 compilation: enabled
              stopped_count=0, restarted_count=0
 full_count=0

Compilation events (20 events):
Event: 2.580 Thread 0x0000028cdf7ea800 1866       2       sun.security.util.math.intpoly.IntegerPolynomial$MutableElement::setProduct (6 bytes)
Event: 2.581 Thread 0x0000028cdf7ea800 nmethod 1866 0x0000028cc996ea10 code [0x0000028cc996ebe0, 0x0000028cc996ede8]
Event: 2.581 Thread 0x0000028cdf7ea800 1870       2       java.math.BigInteger::testBit (38 bytes)
Event: 2.581 Thread 0x0000028cdf7ea800 nmethod 1870 0x0000028cc996ef90 code [0x0000028cc996f160, 0x0000028cc996f358]
Event: 2.581 Thread 0x0000028cdf7ea800 1871       1       java.util.concurrent.atomic.AtomicInteger::get (5 bytes)
Event: 2.581 Thread 0x0000028cdf7ea800 nmethod 1871 0x0000028cd0bf6a10 code [0x0000028cd0bf6bc0, 0x0000028cd0bf6c78]
Event: 2.581 Thread 0x0000028cdf7ea800 1869       1       io.netty.channel.DefaultChannelPipeline::channel (5 bytes)
Event: 2.581 Thread 0x0000028cdf7ea800 nmethod 1869 0x0000028cd0bf6d10 code [0x0000028cd0bf6ec0, 0x0000028cd0bf6f78]
Event: 2.581 Thread 0x0000028cdf7ea800 1872       2       java.util.AbstractQueue::<init> (5 bytes)
Event: 2.581 Thread 0x0000028cdf7ea800 nmethod 1872 0x0000028cc996f490 code [0x0000028cc996f640, 0x0000028cc996f738]
Event: 2.582 Thread 0x0000028cdf7ea800 1873       2       java.util.zip.ZipFile$ZipEntryIterator::hasMoreElements (5 bytes)
Event: 2.582 Thread 0x0000028cdf7ea800 nmethod 1873 0x0000028cc996f810 code [0x0000028cc996f9c0, 0x0000028cc996fad8]
Event: 2.582 Thread 0x0000028cdf7ea800 1874       2       java.util.zip.ZipFile$ZipEntryIterator::nextElement (5 bytes)
Event: 2.582 Thread 0x0000028cdf7ea800 nmethod 1874 0x0000028cc996fb90 code [0x0000028cc996fd40, 0x0000028cc996fe48]
Event: 2.590 Thread 0x0000028cdf7ea800 1875       2       java.util.Collections$UnmodifiableCollection::contains (11 bytes)
Event: 2.590 Thread 0x0000028cdf7ea800 nmethod 1875 0x0000028cc996ff10 code [0x0000028cc99700c0, 0x0000028cc99701e8]
Event: 2.590 Thread 0x0000028cdf7ea800 1876       2       java.lang.Thread::isInterrupted (6 bytes)
Event: 2.590 Thread 0x0000028cdf7ea800 nmethod 1876 0x0000028cc9970290 code [0x0000028cc9970440, 0x0000028cc9970568]
Event: 2.590 Thread 0x0000028cdf7ea800 1877       2       io.netty.channel.AbstractChannelHandlerContext::channel (8 bytes)
Event: 2.591 Thread 0x0000028cdf7ea800 nmethod 1877 0x0000028cc9970610 code [0x0000028cc99707c0, 0x0000028cc99708b8]

GC Heap History (6 events):
Event: 1.055 GC heap before
{Heap before GC invocations=0 (full 0):
 garbage-first heap   total 126976K, used 27648K [0x0000000084000000, 0x0000000100000000)
  region size 1024K, 24 young (24576K), 0 survivors (0K)
 Metaspace       used 15812K, capacity 16160K, committed 16384K, reserved 1064960K
  class space    used 1659K, capacity 1738K, committed 1792K, reserved 1048576K
}
Event: 1.060 GC heap after
{Heap after GC invocations=1 (full 0):
 garbage-first heap   total 126976K, used 6512K [0x0000000084000000, 0x0000000100000000)
  region size 1024K, 3 young (3072K), 3 survivors (3072K)
 Metaspace       used 15812K, capacity 16160K, committed 16384K, reserved 1064960K
  class space    used 1659K, capacity 1738K, committed 1792K, reserved 1048576K
}
Event: 1.475 GC heap before
{Heap before GC invocations=1 (full 0):
 garbage-first heap   total 126976K, used 20848K [0x0000000084000000, 0x0000000100000000)
  region size 1024K, 18 young (18432K), 3 survivors (3072K)
 Metaspace       used 20580K, capacity 21114K, committed 21296K, reserved 1069056K
  class space    used 2182K, capacity 2322K, committed 2432K, reserved 1048576K
}
Event: 1.482 GC heap after
{Heap after GC invocations=2 (full 0):
 garbage-first heap   total 126976K, used 9303K [0x0000000084000000, 0x0000000100000000)
  region size 1024K, 6 young (6144K), 6 survivors (6144K)
 Metaspace       used 20580K, capacity 21114K, committed 21296K, reserved 1069056K
  class space    used 2182K, capacity 2322K, committed 2432K, reserved 1048576K
}
Event: 2.401 GC heap before
{Heap before GC invocations=3 (full 0):
 garbage-first heap   total 126976K, used 47191K [0x0000000084000000, 0x0000000100000000)
  region size 1024K, 43 young (44032K), 6 survivors (6144K)
 Metaspace       used 29435K, capacity 30167K, committed 30384K, reserved 1077248K
  class space    used 3250K, capacity 3501K, committed 3584K, reserved 1048576K
}
Event: 2.412 GC heap after
{Heap after GC invocations=4 (full 0):
 garbage-first heap   total 126976K, used 12382K [0x0000000084000000, 0x0000000100000000)
  region size 1024K, 6 young (6144K), 6 survivors (6144K)
 Metaspace       used 29435K, capacity 30167K, committed 30384K, reserved 1077248K
  class space    used 3250K, capacity 3501K, committed 3584K, reserved 1048576K
}

Deoptimization events (20 events):
Event: 2.448 Thread 0x0000028ce1c6e800 DEOPT PACKING pc=0x0000028cd0bb0694 sp=0x000000c6903fa0d0
Event: 2.448 Thread 0x0000028ce1c6e800 DEOPT UNPACKING pc=0x0000028cc90985af sp=0x000000c6903fa070 mode 2
Event: 2.448 Thread 0x0000028ce1c6e800 Uncommon trap: trap_request=0xffffffde fr.pc=0x0000028cd0bb0694 relative=0x0000000000000dd4
Event: 2.448 Thread 0x0000028ce1c6e800 Uncommon trap: reason=class_check action=maybe_recompile pc=0x0000028cd0bb0694 method=java.util.HashMap.putVal(ILjava/lang/Object;Ljava/lang/Object;ZZ)Ljava/lang/Object; @ 91 c2
Event: 2.448 Thread 0x0000028ce1c6e800 DEOPT PACKING pc=0x0000028cd0bb0694 sp=0x000000c6903fa130
Event: 2.448 Thread 0x0000028ce1c6e800 DEOPT UNPACKING pc=0x0000028cc90985af sp=0x000000c6903fa0d0 mode 2
Event: 2.448 Thread 0x0000028ce1c6e800 Uncommon trap: trap_request=0xffffffde fr.pc=0x0000028cd0bb0694 relative=0x0000000000000dd4
Event: 2.448 Thread 0x0000028ce1c6e800 Uncommon trap: reason=class_check action=maybe_recompile pc=0x0000028cd0bb0694 method=java.util.HashMap.putVal(ILjava/lang/Object;Ljava/lang/Object;ZZ)Ljava/lang/Object; @ 91 c2
Event: 2.448 Thread 0x0000028ce1c6e800 DEOPT PACKING pc=0x0000028cd0bb0694 sp=0x000000c6903fa0c0
Event: 2.448 Thread 0x0000028ce1c6e800 DEOPT UNPACKING pc=0x0000028cc90985af sp=0x000000c6903fa060 mode 2
Event: 2.448 Thread 0x0000028ce1c6e800 Uncommon trap: trap_request=0xffffffde fr.pc=0x0000028cd0bb0694 relative=0x0000000000000dd4
Event: 2.448 Thread 0x0000028ce1c6e800 Uncommon trap: reason=class_check action=maybe_recompile pc=0x0000028cd0bb0694 method=java.util.HashMap.putVal(ILjava/lang/Object;Ljava/lang/Object;ZZ)Ljava/lang/Object; @ 91 c2
Event: 2.448 Thread 0x0000028ce1c6e800 DEOPT PACKING pc=0x0000028cd0bb0694 sp=0x000000c6903fa0e0
Event: 2.448 Thread 0x0000028ce1c6e800 DEOPT UNPACKING pc=0x0000028cc90985af sp=0x000000c6903fa080 mode 2
Event: 2.524 Thread 0x0000028ce378d000 Uncommon trap: trap_request=0xffffff4d fr.pc=0x0000028cd0baf318 relative=0x0000000000000238
Event: 2.524 Thread 0x0000028ce378d000 Uncommon trap: reason=unstable_if action=reinterpret pc=0x0000028cd0baf318 method=java.util.regex.Pattern$SliceI.match(Ljava/util/regex/Matcher;ILjava/lang/CharSequence;)Z @ 29 c2
Event: 2.524 Thread 0x0000028ce378d000 DEOPT PACKING pc=0x0000028cd0baf318 sp=0x000000c6910fd8b0
Event: 2.524 Thread 0x0000028ce378d000 DEOPT UNPACKING pc=0x0000028cc90985af sp=0x000000c6910fd848 mode 2
Event: 2.578 Thread 0x0000028ce342e800 DEOPT PACKING pc=0x0000028cc995ed24 sp=0x000000c6915fdad0
Event: 2.578 Thread 0x0000028ce342e800 DEOPT UNPACKING pc=0x0000028cc90d9d0e sp=0x000000c6915fcfc0 mode 0

Classes redefined (0 events):
No events

Internal exceptions (20 events):
Event: 1.597 Thread 0x0000028cc557c800 Exception <a 'java/lang/NoSuchMethodError'{0x000000008b92ac58}: 'java.lang.Object java.lang.invoke.DirectMethodHandle$Holder.invokeStatic(java.lang.Object, java.lang.Object, java.lang.Object, java.lang.Object, java.lang.Object, java.lang.Object, java.lang.Object, int)'> (0x000000008b92ac58) thrown at [./src/hotspot/share/interpreter/linkResolver.cpp, line 773]
Event: 1.598 Thread 0x0000028cc557c800 Exception <a 'java/lang/NoSuchMethodError'{0x000000008b92f090}: 'java.lang.Object java.lang.invoke.DirectMethodHandle$Holder.invokeSpecial(java.lang.Object, java.lang.Object, java.lang.Object, java.lang.Object, java.lang.Object, java.lang.Object, java.lang.Object, java.lang.Object, int)'> (0x000000008b92f090) thrown at [./src/hotspot/share/interpreter/linkResolver.cpp, line 773]
Event: 1.843 Thread 0x0000028cc557c800 Exception <a 'sun/nio/fs/WindowsException'{0x000000008b16e318}> (0x000000008b16e318) thrown at [./src/hotspot/share/prims/jni.cpp, line 616]
Event: 1.844 Thread 0x0000028cc557c800 Exception <a 'sun/nio/fs/WindowsException'{0x000000008b16ec90}> (0x000000008b16ec90) thrown at [./src/hotspot/share/prims/jni.cpp, line 616]
Event: 1.845 Thread 0x0000028cc557c800 Exception <a 'sun/nio/fs/WindowsException'{0x000000008b172720}> (0x000000008b172720) thrown at [./src/hotspot/share/prims/jni.cpp, line 616]
Event: 1.845 Thread 0x0000028cc557c800 Exception <a 'sun/nio/fs/WindowsException'{0x000000008b173038}> (0x000000008b173038) thrown at [./src/hotspot/share/prims/jni.cpp, line 616]
Event: 1.847 Thread 0x0000028cc557c800 Exception <a 'sun/nio/fs/WindowsException'{0x000000008b1f38f0}> (0x000000008b1f38f0) thrown at [./src/hotspot/share/prims/jni.cpp, line 616]
Event: 1.847 Thread 0x0000028cc557c800 Exception <a 'sun/nio/fs/WindowsException'{0x000000008b1f4208}> (0x000000008b1f4208) thrown at [./src/hotspot/share/prims/jni.cpp, line 616]
Event: 2.079 Thread 0x0000028ce2039000 Exception <a 'java/lang/NoSuchMethodError'{0x0000000089ae10b0}: 'void java.lang.invoke.DirectMethodHandle$Holder.invokeStatic(java.lang.Object, long)'> (0x0000000089ae10b0) thrown at [./src/hotspot/share/interpreter/linkResolver.cpp, line 773]
Event: 2.080 Thread 0x0000028ce2039000 Exception <a 'java/lang/NoSuchMethodError'{0x0000000089ae63b0}: 'java.lang.Object java.lang.invoke.DirectMethodHandle$Holder.invokeStatic(java.lang.Object, long)'> (0x0000000089ae63b0) thrown at [./src/hotspot/share/interpreter/linkResolver.cpp, line 773]
Event: 2.083 Thread 0x0000028ce2039000 Exception <a 'java/lang/NoSuchMethodError'{0x0000000089af4248}: 'java.lang.Object java.lang.invoke.DirectMethodHandle$Holder.invokeStaticInit(java.lang.Object, java.lang.Object, long, java.lang.Object)'> (0x0000000089af4248) thrown at [./src/hotspot/share/interpreter/linkResolver.cpp, line 773]
Event: 2.084 Thread 0x0000028ce2039000 Exception <a 'java/lang/NoSuchMethodError'{0x0000000089af9e90}: 'java.lang.Object java.lang.invoke.DirectMethodHandle$Holder.invokeStatic(java.lang.Object, java.lang.Object, long)'> (0x0000000089af9e90) thrown at [./src/hotspot/share/interpreter/linkResolver.cpp, line 773]
Event: 2.085 Thread 0x0000028ce2039000 Exception <a 'java/lang/NoSuchMethodError'{0x000000008995f490}: 'java.lang.Object java.lang.invoke.Invokers$Holder.linkToTargetMethod(java.lang.Object, long, java.lang.Object)'> (0x000000008995f490) thrown at [./src/hotspot/share/interpreter/linkResolver.cpp, line 773]
Event: 2.130 Thread 0x0000028cc557c800 Exception <a 'java/lang/NoSuchMethodError'{0x0000000089a28010}: 'java.lang.Object java.lang.invoke.DirectMethodHandle$Holder.invokeInterface(java.lang.Object, java.lang.Object, java.lang.Object, java.lang.Object)'> (0x0000000089a28010) thrown at [./src/hotspot/share/interpreter/linkResolver.cpp, line 773]
Event: 2.187 Thread 0x0000028cc557c800 Exception <a 'java/lang/NoSuchMethodError'{0x0000000089a69d20}: 'void java.lang.invoke.DirectMethodHandle$Holder.invokeSpecial(java.lang.Object, java.lang.Object)'> (0x0000000089a69d20) thrown at [./src/hotspot/share/interpreter/linkResolver.cpp, line 773]
Event: 2.190 Thread 0x0000028cc557c800 Exception <a 'java/net/BindException'{0x0000000089a79420}: Address already in use: bind> (0x0000000089a79420) thrown at [./src/hotspot/share/prims/jni.cpp, line 637]
Event: 2.228 Thread 0x0000028cc557c800 Exception <a 'java/lang/NoSuchMethodError'{0x00000000896b1560}: 'long java.lang.invoke.DirectMethodHandle$Holder.invokeSpecial(java.lang.Object, java.lang.Object)'> (0x00000000896b1560) thrown at [./src/hotspot/share/interpreter/linkResolver.cpp, line 773]
Event: 2.244 Thread 0x0000028cc557c800 Exception <a 'java/lang/NoSuchMethodError'{0x00000000895be128}: 'java.lang.Object java.lang.invoke.Invokers$Holder.invoke_MT(java.lang.Object, java.lang.Object, java.lang.Object)'> (0x00000000895be128) thrown at [./src/hotspot/share/interpreter/linkResolver.cpp, line 773]
Event: 2.246 Thread 0x0000028cc557c800 Exception <a 'java/lang/NoSuchMethodError'{0x00000000895d1268}: 'long java.lang.invoke.DelegatingMethodHandle$Holder.reinvoke_L(java.lang.Object, java.lang.Object)'> (0x00000000895d1268) thrown at [./src/hotspot/share/interpreter/linkResolver.cpp, line 773]
Event: 2.582 Thread 0x0000028ce342e800 Exception <a 'java/lang/ClassNotFoundException'{0x000000008b232ef0}: sun/misc/SharedSecrets> (0x000000008b232ef0) thrown at [./src/hotspot/share/classfile/systemDictionary.cpp, line 231]

Events (20 events):
Event: 2.589 loading class io/grpc/internal/NoopClientStream
Event: 2.589 loading class io/grpc/internal/NoopClientStream done
Event: 2.589 loading class io/grpc/internal/DelayedStream$DelayedStreamListener$5
Event: 2.589 loading class io/grpc/internal/DelayedStream$DelayedStreamListener$5 done
Event: 2.589 loading class io/grpc/internal/DelayedStream$4
Event: 2.589 loading class io/grpc/internal/DelayedStream$4 done
Event: 2.590 Executing VM operation: RevokeBias
Event: 2.590 Executing VM operation: RevokeBias done
Event: 2.590 loading class io/grpc/internal/ClientCallImpl$ClientStreamListenerImpl$1StreamClosed
Event: 2.590 loading class io/grpc/internal/ClientCallImpl$ClientStreamListenerImpl$1StreamClosed done
Event: 2.590 loading class io/grpc/internal/DelayedClientCall$DelayedListener$3
Event: 2.590 loading class io/grpc/internal/DelayedClientCall$DelayedListener$3 done
Event: 2.591 Executing VM operation: RevokeBias
Event: 2.591 Executing VM operation: RevokeBias done
Event: 2.591 loading class com/android/tools/utp/plugins/result/listener/gradle/GradleAndroidTestResultListener$configure$responseObserver$1$onError$1
Event: 2.591 loading class com/android/tools/utp/plugins/result/listener/gradle/GradleAndroidTestResultListener$configure$responseObserver$1$onError$1 done
Event: 2.591 Executing VM operation: RevokeBias
Event: 2.591 Executing VM operation: RevokeBias done
Event: 2.591 Executing VM operation: RevokeBias
Event: 2.591 Executing VM operation: RevokeBias done


Dynamic libraries:
0x00007ff64b820000 - 0x00007ff64b82a000 	C:\Program Files\Android\Android Studio\jre\bin\java.exe
0x00007ff89fbb0000 - 0x00007ff89fdc4000 	C:\WINDOWS\SYSTEM32\ntdll.dll
0x00007ff89e4e0000 - 0x00007ff89e5a2000 	C:\WINDOWS\System32\KERNEL32.DLL
0x00007ff89d110000 - 0x00007ff89d4ac000 	C:\WINDOWS\System32\KERNELBASE.dll
0x00007ff89d4b0000 - 0x00007ff89d5c1000 	C:\WINDOWS\System32\ucrtbase.dll
0x00007ff885650000 - 0x00007ff885667000 	C:\Program Files\Android\Android Studio\jre\bin\VCRUNTIME140.dll
0x00007ff897a80000 - 0x00007ff897a99000 	C:\Program Files\Android\Android Studio\jre\bin\jli.dll
0x00007ff89f740000 - 0x00007ff89f8ea000 	C:\WINDOWS\System32\USER32.dll
0x00007ff8923f0000 - 0x00007ff89267e000 	C:\WINDOWS\WinSxS\amd64_microsoft.windows.common-controls_6595b64144ccf1df_6.0.22621.608_none_a9444ca7c10bb01d\COMCTL32.dll
0x00007ff89d980000 - 0x00007ff89d9a6000 	C:\WINDOWS\System32\win32u.dll
0x00007ff89f650000 - 0x00007ff89f6f7000 	C:\WINDOWS\System32\msvcrt.dll
0x00007ff89da70000 - 0x00007ff89da99000 	C:\WINDOWS\System32\GDI32.dll
0x00007ff89d650000 - 0x00007ff89d762000 	C:\WINDOWS\System32\gdi32full.dll
0x00007ff89d770000 - 0x00007ff89d80a000 	C:\WINDOWS\System32\msvcp_win.dll
0x00007ff89f700000 - 0x00007ff89f731000 	C:\WINDOWS\System32\IMM32.DLL
0x00007ff86b4c0000 - 0x00007ff86b55d000 	C:\Program Files\Android\Android Studio\jre\bin\msvcp140.dll
0x00007ff800050000 - 0x00007ff800b52000 	C:\Program Files\Android\Android Studio\jre\bin\server\jvm.dll
0x00007ff89e620000 - 0x00007ff89e6ce000 	C:\WINDOWS\System32\ADVAPI32.dll
0x00007ff89d9b0000 - 0x00007ff89da54000 	C:\WINDOWS\System32\sechost.dll
0x00007ff89daa0000 - 0x00007ff89dbb5000 	C:\WINDOWS\System32\RPCRT4.dll
0x00007ff89da60000 - 0x00007ff89da68000 	C:\WINDOWS\System32\PSAPI.DLL
0x00007ff884c50000 - 0x00007ff884c59000 	C:\WINDOWS\SYSTEM32\WSOCK32.dll
0x00007ff896590000 - 0x00007ff8965c4000 	C:\WINDOWS\SYSTEM32\WINMM.dll
0x00007ff89e460000 - 0x00007ff89e4d1000 	C:\WINDOWS\System32\WS2_32.dll
0x00007ff893490000 - 0x00007ff89349a000 	C:\WINDOWS\SYSTEM32\VERSION.dll
0x00007ff89c110000 - 0x00007ff89c128000 	C:\WINDOWS\SYSTEM32\kernel.appcore.dll
0x00007ff8975b0000 - 0x00007ff8975c1000 	C:\Program Files\Android\Android Studio\jre\bin\verify.dll
0x00007ff89a940000 - 0x00007ff89ab6e000 	C:\WINDOWS\SYSTEM32\DBGHELP.DLL
0x00007ff89e820000 - 0x00007ff89eba9000 	C:\WINDOWS\System32\combase.dll
0x00007ff89fa90000 - 0x00007ff89fb67000 	C:\WINDOWS\System32\OLEAUT32.dll
0x00007ff884920000 - 0x00007ff884952000 	C:\WINDOWS\SYSTEM32\dbgcore.DLL
0x00007ff89d5d0000 - 0x00007ff89d64b000 	C:\WINDOWS\System32\bcryptPrimitives.dll
0x00007ff897470000 - 0x00007ff897499000 	C:\Program Files\Android\Android Studio\jre\bin\java.dll
0x00007ff8984d0000 - 0x00007ff8984db000 	C:\Program Files\Android\Android Studio\jre\bin\jimage.dll
0x00007ff897430000 - 0x00007ff897448000 	C:\Program Files\Android\Android Studio\jre\bin\zip.dll
0x00007ff89dbc0000 - 0x00007ff89e39d000 	C:\WINDOWS\System32\SHELL32.dll
0x00007ff89b000000 - 0x00007ff89b8b7000 	C:\WINDOWS\SYSTEM32\windows.storage.dll
0x00007ff89aec0000 - 0x00007ff89affd000 	C:\WINDOWS\SYSTEM32\wintypes.dll
0x00007ff89f0f0000 - 0x00007ff89f1e1000 	C:\WINDOWS\System32\SHCORE.dll
0x00007ff89e7c0000 - 0x00007ff89e81e000 	C:\WINDOWS\System32\shlwapi.dll
0x00007ff89cf10000 - 0x00007ff89cf31000 	C:\WINDOWS\SYSTEM32\profapi.dll
0x00007ff88baa0000 - 0x00007ff88baba000 	C:\Program Files\Android\Android Studio\jre\bin\net.dll
0x00007ff896b70000 - 0x00007ff896c9f000 	C:\WINDOWS\SYSTEM32\WINHTTP.dll
0x00007ff89c570000 - 0x00007ff89c5d9000 	C:\WINDOWS\system32\mswsock.dll
0x00007ff882be0000 - 0x00007ff882bf4000 	C:\Program Files\Android\Android Studio\jre\bin\nio.dll
0x00007ff8978f0000 - 0x00007ff8978fa000 	C:\Program Files\Android\Android Studio\jre\bin\management.dll
0x00007ff8978d0000 - 0x00007ff8978dd000 	C:\Program Files\Android\Android Studio\jre\bin\management_ext.dll
0x00007ff89c790000 - 0x00007ff89c7ab000 	C:\WINDOWS\SYSTEM32\CRYPTSP.dll
0x00007ff89c080000 - 0x00007ff89c0b5000 	C:\WINDOWS\system32\rsaenh.dll
0x00007ff89c630000 - 0x00007ff89c658000 	C:\WINDOWS\SYSTEM32\USERENV.dll
0x00007ff89c9b0000 - 0x00007ff89c9d8000 	C:\WINDOWS\SYSTEM32\bcrypt.dll
0x00007ff89c7c0000 - 0x00007ff89c7cc000 	C:\WINDOWS\SYSTEM32\CRYPTBASE.dll
0x00007ff89bb80000 - 0x00007ff89bbad000 	C:\WINDOWS\SYSTEM32\IPHLPAPI.DLL
0x00007ff89f080000 - 0x00007ff89f089000 	C:\WINDOWS\System32\NSI.dll
0x00007ff896cb0000 - 0x00007ff896cc9000 	C:\WINDOWS\SYSTEM32\dhcpcsvc6.DLL
0x00007ff896b50000 - 0x00007ff896b6f000 	C:\WINDOWS\SYSTEM32\dhcpcsvc.DLL
0x00007ff89bbf0000 - 0x00007ff89bce2000 	C:\WINDOWS\SYSTEM32\DNSAPI.dll
0x00007ff87b780000 - 0x00007ff87b7a7000 	C:\Program Files\Android\Android Studio\jre\bin\sunec.dll
0x00007ff88b890000 - 0x00007ff88b89a000 	C:\Windows\System32\rasadhlp.dll
0x00007ff8951d0000 - 0x00007ff895253000 	C:\WINDOWS\System32\fwpuclnt.dll
0x00007ff867670000 - 0x00007ff867687000 	C:\WINDOWS\system32\napinsp.dll
0x00007ff892970000 - 0x00007ff89298b000 	C:\WINDOWS\system32\pnrpnsp.dll
0x00007ff867120000 - 0x00007ff867131000 	C:\WINDOWS\System32\winrnr.dll
0x00007ff8681d0000 - 0x00007ff8681e5000 	C:\WINDOWS\system32\wshbth.dll
0x00007ff8670f0000 - 0x00007ff867111000 	C:\WINDOWS\system32\nlansp_c.dll

dbghelp: loaded successfully - version: 4.0.5 - missing functions: none
symbol engine: initialized successfully - sym options: 0x614 - pdb path: .;C:\Program Files\Android\Android Studio\jre\bin;C:\WINDOWS\SYSTEM32;C:\WINDOWS\WinSxS\amd64_microsoft.windows.common-controls_6595b64144ccf1df_6.0.22621.608_none_a9444ca7c10bb01d;C:\Program Files\Android\Android Studio\jre\bin\server

VM Arguments:
jvm_args: -Djava.awt.headless=true -Djava.util.logging.config.file=C:\Users\ouijd\.android\utp\logging12964596810209749576properties -Dfile.encoding=UTF-8 -Duser.country=FR -Duser.language=fr -Duser.variant 
java_command: com.google.testing.platform.launcher.Launcher C:\Users\ouijd\.gradle\caches\modules-2\files-2.1\com.google.testing.platform\core\0.0.8-alpha07\185ff5f0c2380a7a283320bc5ec9130dbcbbb030\core-0.0.8-alpha07.jar --proto_config=C:\Users\ouijd\.android\utp\runnerConfig3160722749814165021.pb --proto_server_config=C:\Users\ouijd\.android\utp\serverConfig4577492930075465143.pb
java_class_path (initial): C:\Users\ouijd\.gradle\caches\modules-2\files-2.1\com.google.testing.platform\launcher\0.0.8-alpha07\47d15094202612b26f5a07fbfbe17ff8900a58c4\launcher-0.0.8-alpha07.jar
Launcher Type: SUN_STANDARD

[Global flags]
     intx CICompilerCount                          = 4                                         {product} {ergonomic}
     uint ConcGCThreads                            = 2                                         {product} {ergonomic}
     uint G1ConcRefinementThreads                  = 8                                         {product} {ergonomic}
   size_t G1HeapRegionSize                         = 1048576                                   {product} {ergonomic}
    uintx GCDrainStackTargetSize                   = 64                                        {product} {ergonomic}
   size_t InitialHeapSize                          = 130023424                                 {product} {ergonomic}
   size_t MarkStackSize                            = 4194304                                   {product} {ergonomic}
   size_t MaxHeapSize                              = 2080374784                                {product} {ergonomic}
   size_t MaxNewSize                               = 1247805440                                {product} {ergonomic}
   size_t MinHeapDeltaBytes                        = 1048576                                   {product} {ergonomic}
    uintx NonNMethodCodeHeapSize                   = 5836300                                {pd product} {ergonomic}
    uintx NonProfiledCodeHeapSize                  = 122910970                              {pd product} {ergonomic}
    uintx ProfiledCodeHeapSize                     = 122910970                              {pd product} {ergonomic}
    uintx ReservedCodeCacheSize                    = 251658240                              {pd product} {ergonomic}
     bool SegmentedCodeCache                       = true                                      {product} {ergonomic}
     bool UseCompressedClassPointers               = true                                 {lp64_product} {ergonomic}
     bool UseCompressedOops                        = true                                 {lp64_product} {ergonomic}
     bool UseG1GC                                  = true                                      {product} {ergonomic}
     bool UseLargePagesIndividualAllocation        = false                                  {pd product} {ergonomic}

Logging:
Log output configuration:
 #0: stdout all=warning uptime,level,tags
 #1: stderr all=off uptime,level,tags

Environment Variables:
PATH=C:\Program Files\National Instruments\Shared\OpenVINO\;C:\Program Files (x86)\Common Files\Oracle\Java\javapath;C:\Program Files (x86)\NVIDIA Corporation\PhysX\Common;C:\WINDOWS\system32;C:\WINDOWS;C:\WINDOWS\System32\Wbem;C:\WINDOWS\System32\WindowsPowerShell\v1.0\;C:\WINDOWS\System32\OpenSSH\;C:\Program Files (x86)\Windows Kits\8.1\Windows Performance Toolkit\;C:\Program Files (x86)\IVI Foundation\VISA\WinNT\Bin\;C:\Program Files\IVI Foundation\VISA\Win64\Bin\;C:\Program Files (x86)\IVI Foundation\IVI\bin;C:\Program Files\IVI Foundation\IVI\bin;C:\Program Files (x86)\IVI Foundation\VISA\WinNT\Bin;C:\Program Files\nodejs\;C:\Users\ouijd\AppData\Local\Programs\Python\Python310\Scripts;C:\Program Files\MATLAB\R2022a\bin;C:\Program Files\dotnet\;C:\WINDOWS\system32;C:\WINDOWS;C:\WINDOWS\System32\Wbem;C:\WINDOWS\System32\WindowsPowerShell\v1.0\;C:\WINDOWS\System32\OpenSSH\;C:\Program Files\Git\cmd;C:\Users\ouijd\AppData\Local\Programs\Python\Python310\Scripts;C:\Users\ouijd\AppData\Local\Microsoft\WindowsApps;C:\Users\ouijd\AppData\Local\Programs\Microsoft VS Code\bin;C:\Program Files\JetBrains\PyCharm Community Edition 2021.3.3\bin;;C:\Program Files (x86)\Brackets\;C:\Program Files\nodejs;C:\Users\ouijd\AppData\Roaming\npm;C:\Users\ouijd\.dotnet\tools;C:\Users\ouijd\AppData\Local\GitHubDesktop\bin
USERNAME=ouijd
OS=Windows_NT
PROCESSOR_IDENTIFIER=Intel64 Family 6 Model 126 Stepping 5, GenuineIntel



---------------  S Y S T E M  ---------------

OS: Windows 11 , 64 bit Build 22621 (10.0.22621.608)
OS uptime: 0 days 4:24 hours
Hyper-V role detected

CPU:total 8 (initial active 8) (4 cores per cpu, 2 threads per core) family 6 model 126 stepping 5 microcode 0xa0, cmov, cx8, fxsr, mmx, sse, sse2, sse3, ssse3, sse4.1, sse4.2, popcnt, avx, avx2, aes, clmul, erms, 3dnowpref, lzcnt, ht, tsc, tscinvbit, bmi1, bmi2, adx, evex, sha, fma

Memory: 4k page, system-wide physical 7932M (350M free)
TotalPageFile size 13185M (AvailPageFile size 0M)
current process WorkingSet (physical memory assigned to process): 175M, peak: 175M
current process commit charge ("private bytes"): 278M, peak: 278M

vm_info: OpenJDK 64-Bit Server VM (11.0.13+0-b1751.21-8125866) for windows-amd64 JRE (11.0.13+0-b1751.21-8125866), built on Feb  2 2022 03:00:22 by "builder" with MS VC++ 14.0 (VS2015)

END.
